06bHAk8-1W0
085uSkrX8FU
0AWZV6wwACI
0CalbvMZr_M
0celvMhtdQw
0CLjNKGJrV0
0e4vdfPq6oI
0HGzZrzRdA0
0lPJb8k4Zf8
0mElvRWb3JA
0mmh_c3-U7g
0nT2g80y9ns
0oLa1ZAAHDM
0OYwk0kF9DU
0pr91-0peLI
0q1Ea9BNcKY
0qC6_DqMlP4
0RdHbWc1mwA
0tr5TohSwJA
0vBVcuiQqzQ
0WNQ_lyh3FI
0wqyofBCuVA
-0XgiQcet4Q
0yhK4Ro1x8U
102eyczI9EA
1-34JAdDPOo
168ugNpeTYM
1aFvDMyH4vQ
1HaDTiSlO-I
1kavmsXJLJI
1RTmJeCHclc
1S5NjlpiORw
1TlKLy43D-k
1Ve24elMJXg
1_Xprccuj2c
1YzJx1dSXwY
1zdDuY71zFQ
1ZDXJg1_Ppk
20fFo0F7PM0
25arpMxbeyc
28FthhvXT9s
28GKfsAnMSo
2ak4ZG0eesE
2BXY18Pu6KY
2CZOirztZxw
2DcqHJVioxA
2DCtDi1dnak
2DG9USuP0kc
2D-QgnA6QJA
-2I9vWw1Iok
2Kew2mbugls
2kKpWzuTho8
2l4uTdzqpI0
2LIwx6IWcX4
2lVe2C8NWco
2TgtM81qT6A
2UNXGDZjxec
2yGkw5Un3Zo
2ykX7Wo3fHA
2YM3xzfaEnw
31M2TP48Bj0
-39ecE2gcjc
3AHU58skbhI
3b20iPxtTWU
3b5lm6vvLTg
3BNS1IoCbW4
3BSy5kG5dQw
3BzmSb8NYVg
3EFLHLYWixw
3I-xWDI9hv8
3jHP7-wLalU
3kiNi3tO5YM
3LthPi65dfg
3LyMCvr7mEo
3oe0LrDxwtk
3PdqfoBZdiM
3QQFtCzvK7o
3sJO8qXziRo
3Up3qwiArto
3VdN_V1ws9c
3vsn0ftBbTQ
3W3Qq7x8qAk
3WBsrx5kbxw
470j3NXM4wA
4blGehSJMrQ
4_eL1LG1rIY
4GuReDPCXEw
4IRsyJAHCvg
4mpV_u9hdQA
4p9Q7KmYHgo
4T3eLpI8x8g
4ttdUtN_bIk
4vmO4nHI4qg
4VtbbjxzMHM
4Wi9mRY42Pc
4ZxpIquyrVU
51nYoCsbaPI
54cCoMT5q-g
58EoQAGdTNM
58TKr37TED8
5BxgsqBK-GQ
5CG8QGeoL6c
5eyVC1IinGk
5H-JQlXVtJQ
5i7Q0p43R3c
5jx8XDcDugY
5KRwO7rVIuw
5mwz06fnTQU
5ojSxJLqpDA
5v4xivga_ec
5v-SYPzteLc
5X4FuUWXEoo
5XpCMSOz1cM
5yeekruzwgU
5zW9OLfxu30
6aLkV6VMiYk
6EGtWUv2Z2Y
6ESsL0tKwpM
6Gwl-9fqsBU
6htkm8BoJfE
6iCzqpVp31c
6ikdWNKjKJA
6J4x5JgupcI
6M6bFsK5_lA
6ma8eqY8RSY
6m-viIicSnI
6mXeOyQZ-1Q
-6MzwdlKhEw
6O2FGOwwoWI
6oeV0IMsS2Q
6QIbE3vRxxw
6RaEaSRSIYA
6ZnzVzKpFkg
71Hbc5yZDE8
72Ssdsbhnqs
78Dor6zDMgM
7AlU27-dTmA
7cCL9q0S_n0
7cfYYuYq8YU
7d9FDaq7awQ
7dBGDD2DDjw
7jESupiKd8U
7kjio2b5U8A
7KSsqBwhWcQ
7Nuc2DJHopQ
7Nw4Db6NbkM
7OAznBKtSfs
7PQ5zUSsH6E
7Q47RgKRmOc
7sn8Au1MIz0
7UTO7oMtqjo
7V-wYFnYSBU
7yeAGJIX6CY
88qhW1eDlm0
8A7-hd7YduI
8ahEPM2kMyU
8bgdh94Ix1U
8B-iAcieXmo
8BNKr_DBWZo
8-fJWAU0Fvs
8GXNoBJA5zs
8_hcTHMppV4
8JrfKtpisps
8N2O53f2u6A
8Pmp9iXYsRo
8Q3Wtwd98JQ
8Q9RI1CdVdI
8RzCwjHCG74
8SZPcBCTWJ4
8vv_ClMIgSw
8Whc3cCV1ec
8ZmVFaMntPM
92PE5XeoBNo
93M9epnrTlU
957BOG8YLJs
95Ali_JAY-c
962ZQ_y2sYY
98sbCrKgDoQ
9CbNJWevfVA
9DJleJar9A4
9e1UYdHoqHY
9enmZkAtyEY
9ga_rtncd8M
9gbDnQ5yLWk
9iasKWAew_A
9JH0dKBe49M
9LGvbwBlEOQ
9mF7y8CDsLA
9PGL1eFqaKI
9PjOEUplC-E
9qtWF9Ykb9E
9ROpDH1ic1g
9S4cDeqlXO8
-9SrCvMN6wk
9v_9Epm2Yr8
9VvurDlrDjk
9zDThhRGxSo
A0YkN2MJReo
a1iR2cZ-LZk
a3_5b8hc534
a5BoAJYuOZE
a5O1ern0qTs
A6XALkP63Dc
a7luqGSbIo4
AA9AcZeb64s
aBGk6frALAU
aBkZ3y5k738
AC9jHJlvUVk
acQQhhnkkcY
AFcyKMCQ2LU
aG7RKBZ5gqU
aHhGb_GyKrQ
ahiENKjuYcs
aIAt9RxAZZg
aIlvKTlpC-8
aIzMyi0V-_U
alg-fQg81hY
aNYYs98mXUs
ANZ9g7dHyHk
aOkkNIRxIwA
aPKjxdX_11U
AQBlaVDZm0c
ASjWvwKqC44
avMQPSQRKHQ
AWfAal2vjXA
aXO9MSnv9bs
_AZdbyGwbaI
b0jW2mLcAq0
B250AK7DjaA
b3xfdCalFNs
B4oEQuTgAO4
B72uD4OPcRg
B7SSFr5QYtU
b87JOrooSkU
B_8-9-h3dM0
b89T0Hckens
b8O_AJtFVno
baBLnFs_z_Y
Bafj2JbUomw
BaHBnY8d5Eg
bbSbMiyaVj0
BbsupBDK6oo
bCnNVCftG1s
BCUwOYUnCv8
BDahyBBVOSM
BdSmMUnQugk
bEG9yAWtmqk
BEUc3W0qWqE
bfKLQpSmwq0
BfPanEgLz5M
BfU1o7y-Xrs
bhmP3aRe8ok
bI_tWfvgDok
-BkQJsE39YE
bk-xZr7bPhc
bLcgU2jSG7Q
BLJdbarjc18
BLPNSrl3qYY
_bLqw6UDEZE
BN3FXXRlVpo
BPvCrC-Bqj0
bPxUVUNB61c
BrU25scrAA0
brvEyeT4KKg
BSfjtfd4AgU
Bt7FnCRYvNE
BTwLO7I3oZo
BuFToh2KTPo
BUrtsUbqVPA
bWf71hn0lM0
BxbqG3J1fY0
byOHyuPeAew
bzYG0igc5yQ
c0wSfrRl2OI
c1Y2jFVIjdA
C3eZIRUKbRA
C5IbRmQEbKY
C6i6ikIyh5s
c6Nuz8VDv5w
C76zLujGA7Q
C7CEErLuRBg
c9ZNEvPaMX4
cac_2DNgyic
cay6wHMRZoQ
cb8NDvauPG4
CBIi2sqQ1Dk
cbUabxj6WAc
CcTNu5cQ2Sk
cdBPJdMCvl0
CENLUAl-1Zc
cFoUbf5ytDc
Cg1J1hVBTH8
cHoxFNlZNVk
Ci8JkgOwGwI
_-CIC_oCGoA
CINHLn8JDn4
Cir2dBQVgPY
cjAp0xQkeDg
cJLcXOSRLvA
CjxxWT2RnX0
CklHvRoAMUQ
CMwoxoNCp4Y
cPc6pT7GAGU
CP--JysYVb0
CPoKcytivew
CTE_AW3q-6s
CVmsADWCoMI
CwBKq55AeI4
CZhYiyoZMWc
D1bPaDndQuE
d5GbziglSCc
d_8ZG1qsNSA
D-CC4XC8xWk
dD0yfpK2pSo
dDei8r778bM
DgVvKLDzFwo
DJbWZTB4EUc
DJStaDQ0Aok
DJ-vMEbOfZc
DmaggfRDQ-E
Dmihobf-OxE
dmp-zt0hmog
DmQrynua0TE
dNqT-8nvTkk
Dp7h9Gt7Lhk
dPcGC2lk2tU
Drf8bny2Xrs
dRw_iB6VVL0
Dtdcd60H8S4
DVQdQtMvYLs
dVqROCwzXDI
dxiXQUJ4NeU
DyBJoBep1gQ
dz6oJHGIkgk
dZiiGvBu7ug
E1D_tK-Bsp4
e2lvAHgud2s
e3LbxONb5VU
E4o8yDuHbA0
e4v3w2WlsIM
e5rZLGnk7vc
E6Wpf6kn-ls
e7ExGKOtkGs
E9oXzoStfRI
ebIVZU9ASb4
ecj4jMS9iFE
edodM6N0f6U
eDUZbG0tACo
eee157O8NlY
EexamVn4KNM
eFZksCzYRNQ
eGbqtYIxPhA
eIWJPyiOf9s
EJ0N3fT4WEw
EJNq8QOIdRE
ejxIgU3-O9E
Eklhndv-mY0
eMsP-NTnTkc
eMZkL1WCz_U
eoDnZIAG91k
EOrEqwAxbw4
EpcEwca5Y_c
ePKVM9_NpOQ
EPnlbpXHQ5M
ePPZdDRTbAo
eQ15dnIQMjk
eRU21-FYZH8
es4olXSCvFg
esU3oMhQFq4
e-U7i52N3BI
evN7VLjUghM
evQNjXqgB_8
-ExsFe-aDzA
e-xY4-TltPE
EYIC3J3R1oM
EYrngiKJUSE
eZsZKwp4k78
EZvh2PNBAFU
f1bv6BOXDNI
-F3pbqidFNk
F3r3YnRLSpU
f4Cs_1rFmVg
F4DCWfHz41E
f4sfjyXFt8A
F56XBIC2mr0
F8wWIdRtCkM
FAJGQzSok0o
faOi9ladrZc
F-BDc4fcvhI
FBTHD814oIA
Fc3qF94Yktc
FC5kMEsgsKk
-fCKJ3hpi-g
F_DK4PdxP6Q
fF3M1RdO8es
Fffz3n0uDjs
fGXDDz1Q4aE
fH2iR_lDeOs
FidR_CfOi20
FIEO1khBRVQ
-fiiXsAE-b4
Fk-8uyJLvmQ
FlDlfFsOEKY
FmO_x_q6iI8
FMtTlEfmYro
FNCCfvQW-8E
FniprLvhUAI
fnoWxFLR9tA
fp_xj6sVWaE
fQ8XVonhT9Q
FQzS7GOyX74
fRFoR5GQpbU
frIhanVTq8g
FRwRtSj_sKg
fsaShzuBf2g
fThkNtNyUqY
FusbN-dQauw
Fwv1t92rohU
fWWwbEhqm7s
FxwmrTL9Y48
fYelVlmMFNc
fz9YK7N_KwI
g0HvKpnbbR4
G1NPnGZRSaA
G1QezRSdcqg
G2G0gQLW-Q8
g3M9rFDFXuQ
g74nqAf7dw8
g79-9Yr5tbM
g9e6HoEo4qk
G9JD_t4fZ18
gaIJRMi1ySs
GAZ5WKn0yLM
gbqMOEd9gX4
GbU_xKwNHEg
gDPJw_2A5p8
Ge1hKVEIdyc
gEcJ9oHINwY
gf61JdZGRuA
gfFWuo1KIQs
GFOtePeykMQ
gFVGLgW7Nro
GgAFztEeQnM
GGBH9Uc0EaE
ggcn2-7P6ag
GgsDRYABH_w
ggVzsOxf3kI
GgWMRRkFcqs
GhhBtp4kXxg
gHYS1lM2uMc
gJ-jjLG6sM0
gJL8n84mz2E
gJRZbcbFTyo
glhbnNd3C-s
GLsPXyHFbUw
gLYyz2LpNRo
GmkJjFXL9a0
gNCgLvNbrvw
Goqqy0-tnzg
Gp0wLSovELw
GPemfZcSz9o
GpNeTElkdM4
GRWUJkm9VeA
GtkGVegfidI
gtwm1rFOfug
_guLDbIlYw0
guV-rqw5w2w
gvdDp_OuPas
GVIFHg-hXbg
gVwHx_ZPOro
g-x3kMU9JbE
GX3ZOA4Umo8
gy26NiXXwxU
gYSOuIfkNZw
Gyye2doQ83U
_H1K1pMygUg
H26-Wn2f2z0
H2Y4h1QZQm4
h3t2ZhJ0xPg
h55ka5qiueI
h5h_z-0QUbY
H5sXWpzugsY
H6kSlQ2PWPw
h75nHITUf24
H7klRgoyNtA
H8f7hxSJKqU
H9cP0z9WG-g
H9k3-JVbnKE
h9OK5bwU6zg
HB6EMQFisKw
HEWZlG2i7N0
hG-1HPLEgo0
HGQhg3uV2Ko
hGqhqIZKf6A
hGW8dI1EB84
HH-E8ud0zmU
HiiD_5b1Oz4
hj3G0tOlZJ0
hJcNktaWXFU
HJNbX_mw2wE
hJOZU4RXQ0w
HJPwm_ZoKGc
hjROkMwrMHM
hJSenXXyze4
HjWUgq1JuXQ
HKTJBnW2rKg
HNm8T-grYIQ
_HNPT94i1xw
ho7L5Wn-NFo
hoGil_sV3kI
HPbfZXhDjpI
hpP6UgfhDY0
hQdaP1nnhEA
hqHbmZq5pvI
hqQYsD9PScY
HT1zUfOLJq4
hT63NM3LB1o
hTCEm0jXnaM
H_UHqAJVR7s
Huly56ucVX0
hv1wkykD6fI
hvwgLF0EVUI
hWfwgVgLF2g
HXL_ehK9AU4
hYGXZ8k_U9I
HYShaWSAqLU
HZTlJqP_pYI
i07yS6PaJuk
i23LGDXlpPo
I2GUJwPBHnw
I3iP09CmglQ
I43CNZigjjY
I55mbPmLuc4
I7C5glWqoeI
Ia4VsHFoKEI
i_A6FkIDJuM
iAr3Emnl_5w
IBAQSBUwJNc
iBgvxcAYM2w
iCnZIUwy7T4
iCpaBAlG5uk
ieNfP0kvMfg
Ig6B7m0oCRk
iHZMcEFFjX4
Ik99UcpeNAY
iKZQfXDDEIc
iLPSQXgvzPM
IQcLLLJkXyk
iqFe9KleBh8
iReqtqfBJCI
IsyGT9JigBg
it7lKKKcjME
iTVjgfmsLqw
ivXy1Ya4YG0
iwGTRrtiIO4
IXAVRqFxNC8
Ix_hGfABWNI
J0f0Q7CWrqE
j1bjzEdNjj8
j3KGJwJJvBA
j3yfzuQVJpk
j4G_ab6FcHY
j6YRFu7T5GU
ja53YR6ZHdk
jAhfg8I8l4I
JApxlbYylbM
JB2Beir90g0
JB7tbnY2BgU
JBuTdxh6Ehs
JcXwuFvWIek
jDhDoIjAoFk
jDUD_dNd4aI
JeZNnJcjlvc
jG71E9o7KmA
JgRGt8DZUV8
jHrQaYvTI5U
jhvlupUhS_M
JHWGry_vQBM
JHZ-0on7FFs
jIB8eXcpdZY
JIVH1D-uBEg
jKM8B-8nQsU
jL6QucJ2INY
j-lDSm7spcI
jLn-ZwoAE9g
jmUd__snUaY
Jn5MiJgTEaY
jNhl44N5SPw
jnUFgUNWVpE
jnvJO-GdIpo
jnZ81RSiIpo
jOnK2sYr9WA
JPmi94LR5XA
jQbrKtnWmKU
Js8IXi1qwys
JskYAn0trBU
JTPlZ-DiVXo
JtPtpwMgCAw
jTtayH2VQJ0
JuCXIXr4xFw
JuOVBH80LLE
JwHndteCM4g
JWsxeFvRTpE
JwXvXfqpdRc
jxMAsNKoMro
JxwIjNzKaFM
Jz0OqCdsNFE
J-ZFaLZ1aRE
K2aJKa6ORCU
k2j7d8TVKrc
K4AnQyq0VM0
k4hlRPeSfJ0
K6gr26r8G3Q
ka1Ul1bZ-1I
KBbvXZK-esE
KD83-zSZsv8
kDyexDt1dgk
k-f5t9FqOHs
kGAkpW66Hc4
KgXiAtWgdIw
k_HicBYr8oQ
kHiqx4K9KoA
kICdr5GkrLo
KiJWFcnQ_pI
KiNSDK3jBRg
KjBq3vjBJ8E
kjJmmyz2vXg
KjWQ4MwKQ1U
-kK3Goi0cw0
Kk639g8FcG8
klZbs6fhEYY
KM7SXjsM8Zs
KmC1efkWoLk
k_mmUVUVARc
KNMMZ0a06XE
knvH9cSiEPs
KOqLGS8yq3E
K-pSPoeyTV8
kQDD7iJk20A
KuKSS748kdc
KvrC1pF6dYI
Kw5ypPtOciI
KWNCM-W5RtE
KxdQ9NTpRJ4
kyrxWV3CL9k
k--Z5U9b1zU
kZOLCHaQYM0
L0ZwO-oXiPY
L1cMiS7QVxk
l2Am3jvAcS0
L63l4YmJULQ
_LcKdGPJHDA
Ld1Wc1W2z_k
LDINzSRZLQo
lDNWg3crrFo
lE23ENE-fwo
LEcm6ClgJLA
LgAGpK01BtM
lh-g7AfASEM
LhhZsrQ_IC0
LhMGTCuUWgU
lHwLnqaAGd8
liQWBgdAFBk
LiZtdv7nGfk
llYysHqeXkA
lmG-QuT4FXM
Lm_ZlFdf3iE
Lpv9_vkRa2M
Ltf_ocmRktI
Luf06UPejdI
lVscceqE7-Q
lW1v61lN4xw
lw3I7AJVeis
LwkQOl9rIq0
lWwKoLsll84
lWZRI7extAE
lY4S9clyIIM
lyYhyB3ghno
lZIHzcgg1AE
lZOKGKyT68w
M0mwcN6ktwU
m1JUtw9lN08
M3rJV3EmEB8
M3TwhAQolKk
m9MtvWR_VLw
maJ3RyKX_V8
MbgJChotiKU
MBnOjX9q4lM
mBVYsMQ7IUM
Mc0ROV2OyY8
McL0HwhI_Ro
MCQneIXo1oY
MENW92m92AE
MfA1ma0na6M
MfIsLYRyXHQ
MgqBySCPZUc
Mh8oi49njSA
MHDuv5iaNBo
MHQZ9DnKM0k
MhuiQwo-heY
mI_WAeJKVhg
Mjk-R_-fos4
MoWo-wC9skE
MqjVymlg6Vs
MqPTq-uAn04
MR_fF-WRH_g
mrMhZkPVWF4
MuhlGLpE1Ek
Mvkx1INurxg
MYc4s7hQtuw
MZmuwEy28vw
mz_T8PeFH2k
mZYf6-RRZXI
n0fDPOR59sc
n0z0vQenyAQ
N2DK2LRhdjc
_N2-uWQnkWE
n3oYUG5k2V8
N3Tf-quH_qc
N56NODeNngQ
N6if8aT25-c
n6kOY5MHF9U
-N732TgSQ6w
N7G-ajf0ZM0
nA200VlA11c
NAqVmpnlpOg
NauTgBQAN0o
nbwoYPPYPSU
nBWQK3K8glQ
Nc5oGzm2KzE
ndURjksm8so
ndVeYvut5ZI
NDY-kmxqF6U
NeoOEWAaboQ
NEp5KDFvYsw
nG0kQlnAOl4
NHtd_Zl5rGE
Nikw8lWzNA4
njlXftyP0lE
Nk8UEQqIjas
nMmwsaevLYw
nmpHuj_VVPA
nmQYhtoRaz8
nmwm8x_khkc
nmzNK8zdwUc
noInwL2XHLg
NOON8E9_GOs
npMRJ47uT3g
nQdPfl6migA
nQJbwq-Ks9A
NrRCQHhmLFQ
nsAYN3uXeCM
NTovPqdRDkA
_NTVx4auhzI
NVbo3akrjg4
nwpduF2c_zc
n-wqaoCKS1w
NyIU6OcjM2k
nz4QRAGNZ5E
nz7EBT4CiSA
nZ7jKw_Prbs
nZN9qXYlkr4
o00xXJjTSjg
O0dU0POp9wg
O0z-ed2JBIk
O1zgaAmXVgw
o2kIkv6sarU
O4auS4XUbPg
o54jGb59Xnk
o63_0MlutXI
O6cJEDyVIt0
o6Ja9W0e6Wc
O8o2MUn1KUI
OAfc7EkFqKk
oaKSV72rFc0
OAMZBfYcKjM
OaqJe_X0jaA
oBO2XngN6-A
oc3K2MO6mb0
OdWMLmgrty8
odXL6BgGrE8
OE2wQeH6auQ
ofCmmYAGVZw
o-g58dXttas
ogUs3AnyE3c
OH8-D0VSveA
OHQGom89R7k
Oi18iVb8CoI
OjZM5W_VN5Y
OK6DT-Br5M8
O-KtfYTWew0
OLkBpr5OMU8
ol-wGw2M_Rw
OM3eRdtw80Q
OONOAwrp2jc
oOsBdRmsfUQ
OqAnC26ICKc
oQXyXMqTdw0
Orz8G5EqASY
oUFFj-U2KOQ
o_VjJnIpygo
Oxaut1YE110
Oy77aj34kwA
oyCmXyKOdM4
OyfzCoKx81o
P29L-0UAISY
-p36BoUcgU8
P3rDsOVEy1w
_P3w5WyVpOY
P3Yt82aAtJU
p4cPGa7UUI4
p6oMGerSsCE
P75eStpGtwc
P7RmithVpg0
P89rFwZ3q7Y
PA5PoXMAnew
PbcWQk18n94
PbdRdgog9Zo
pEh6sZE7tm8
PHjwa_s2m2Y
PHMPPryF_Go
pIRHtRMmgmA
Pkny-mCPQ7M
pkQDlHdlyUo
PN1gv_qmdMY
pNHChqpBju0
Po3I3uSZ_D4
PPLcC3WlxIQ
p_qI50bi7uY
pRAu4spj-Dk
pRUMsj7ripE
ps51Q7kyQ2M
PTydlNNcLUU
Pucp3V_GtFQ
pul7-9mIQBA
pvFB79vFP4Y
pWyVPI4BFEA
PwYy40VKihc
Q6Ut86pM4Eg
Q7i1z7EozYI
q7NTrIqWpRw
Q7twKliSreY
qaNJSW25de0
QBfSJtrsc0o
qBfyqGFHj3M
QBT0G1ordqw
qBUGaTOkTuk
qCvT5rfL_OY
QCyyTY0PhoY
QEgDIs5Nf7g
QF2D1vadVvA
QFLgC2Op2xo
QGJssiZPWLI
qgri9DsdHIE
Qhfd9-mypQM
qHodq_Aa-DY
qiiK5DOYPTU
qLhGLxcokGI
qlWzko12Sso
QNCv3pmj8RU
qNFh04D-RKQ
QqehP6ZhUqY
qqrGPqSvmrs
Qr66brGJ71Y
QRwJXz-5A4Y
QsWvHabSzfU
q-tJ3dKOWWY
qvo_Sg8F96M
qxa9Vqj2B1M
QY73uW64R9w
r03CcvzBpnk
r0MelQ1QVKY
r28DBhz9G8E
r368ETUzITA
R4chVncBCgg
R5DXVrf6Xf0
R6O4d5LNxoo
r92saGu0hqU
r9Bfvnn-nCE
rAnd_6LTOKw
RbHvVamB_pU
rBksVCGntrs
RBrms8HlXiA
rctbCNILnVo
RC_Vj65a1SA
-RCxfyH36pI
Rem3j8oAvWw
rFXA8Dxs87U
RgzQGGIxSis
Rhkrpm3rrRA
rIIwpbbbDIo
RIJZL27ooz0
R-jCwoVTgyM
RJz9wPOSCBE
rKoy5BX1Me8
rMX6Qy-C50k
RneIoAFqUv0
rNlHq6HCy7g
RNZwlp0wbX0
ROUrLki3oeU
rPqkVUMkWuU
rQ7o55kMuJo
rqfbeb69iKY
Rr4VE3N_H9w
RRg3tmrx5Ao
RrOeWZcwbMc
rs7o3yKiEpA
RSmSuhJcZyU
rT1ut9lYDho
rtZWVkc7eE0
ruw-nZl7uQk
RXa3m4XmFM8
rYEJvz_gD-U
RZbIKzslhnk
S0YJdsHDSnw
S8LMFUO0stw
S9pD6kpExCw
sa7S-RINNjU
SB4EbSTeDzc
SCAaPiAGxQE
-SccqmQ_q1k
sCmzzm0C3FU
sdOl-Nt2Ixc
sdrEFNMBG0M
sglrglNnquQ
sjArYlcUxOE
SJf8NoP8IJU
SkE9qtQeeIM
Sko2G76it4A
skUjwKxND2U
sKvXYRtKTyE
sKYhLqEa39Q
SmIzNuYlGAc
SmKxzcPR-3w
sN_G5jeJNI0
SnPpeJu6UcY
SNzGbehdrh8
sQ4DU2DJ1RM
sq7HDHytub0
sQKITHq1-w0
sR3REr4wjNc
sUiejOziLwA
-sUrw9ooVMw
SUVlP-Fghdk
sVWyCaudG08
t00-541Nmrg
T2zvny2A_40
_tbrgOy3gOQ
TcFRm2Jd58Q
tcGIioXDmXo
tDl7YjcqQN8
tDTKJkznjLw
tFMuIH0kkxk
TG8rT__SFKk
tHSI8qyIN7g
TIb2wS7vpDc
TIOYMc5Fy-c
tis3bBL8TSQ
Tj37rh2Jeg0
tJ96LmA5akM
t_jKaAAzUqs
TkBdESEiK0I
tMPhA65AdR8
TN4ZwLyTMTA
tn8PzJMPNXc
tNHmYf58IlI
TnO3bc95XJg
TNQUI8QIENA
tpmT5ubI2Sk
tptucxxdagU
t_qDpboc-Zg
TqHWLj876Ag
TQPwn94fPCw
T-qVfFBtua4
trjbgBtnun4
TRUJay1aask
tT8th6Cifao
Tu_9PtY6q9Y
TUYOELmsgjM
tVYi28XnUOs
t_wF9lKG2ds
tY_b9tpxgj4
tyGPCmN7PDE
u0DN8JHuBtI
u1qa2Kd3mh8
u9e2pTk5LWA
u9NqICz0ZLQ
uA53tJG_63g
UA-_valMnH0
ucNvcbD-igM
udDDuZA2JiY
UdLsvGXtX4g
UDW83l6xrjI
Ueq7Yfxyazg
U-et6ERbYQs
UFDom71fKrk
ufhQA4LIeds
UGeYJR0mhFs
uGXr3RY1AP0
Uh1VGOuZ_P0
Uhxu4GTB94g
UIDNf5byt48
ujxkbcPa6FM
uKgWWxjOUwA
UkRTCQJms3A
uLBV-Y_mO9s
UlcFvdLczko
UlUCU03Jt-M
u-Mdr0Yfa68
UnzN5e3TPhM
UOzzQLtVJ5k
upeD4CkqCLY
uRGZSmS99Ws
urz-eXLs8uA
uSJb-rw4lNQ
uSLbjLwBZdg
uSnIUWYzlxU
UsZl3twPB0I
utNdxVUDQ0I
Uu862w3GV9k
UwAXIqt-j5I
-UZ9C5Lfkho
V_06heolGG8
V4t-9FIa0mI
V5XfKZLiFlo
vCfkKMYrK3U
vcnaO2IwzQ0
vdjMoV-hNFw
VEg5NwFrhGQ
VEiY7hAXGiI
VE--LdTZ0i0
vFjQ0hfzPKs
VFm8i_Y1Dnk
vGKV7j8lMKg
VH6yZ5_Q9xA
VI8QLRTxfkY
viBtp0n7oqM
-viNSfBSwq4
vIusA87q-J4
Vk4mJZY16rk
Vkjv9JL39N8
VltfiJNL0wc
vmscyxGV_3Y
vmvzcB672Tw
VnfXYhahTlo
vnsccjwlBLI
VohKlr_b9X0
vOjxP6H4sI8
vRHq_gPECEQ
VS3Iy15BOn4
vSJEGcYz7bA
VsRJ-AB7s9M
VSYVIsGpAHw
vtFD0WopjZE
VUdtE3HylDw
vumkN_KsUdE
vv6v_QBT8MI
VVpJvHKKzsc
VWFwBD7R7xo
vwwwAQbnLyo
VX3XGkMd4yA
VXGOsVw_0CA
V_xIK8cqCjk
w09csftoOwQ
w0amrpGDG-g
w0II50tP9NU
w0Yks2vPTb0
w2gy-Tuhi5U
W4qVq_YQBAo
W6a72Y82_UU
w7cSNKnoz8E
Wd9fx9wHbos
WEhF6Se3XuU
WEKQUxAIbnI
WeVE0SmvrWs
wguUtA-H0uw
wHPSXyR3ysE
wjy2iVhlyhQ
wK4H1wvKmZw
wK5MKW8edQE
Wm1d-6PQpn0
WmsBTjQjWMA
WNvSJDaZM9w
WNY8APLaibY
wnZPJFa7g_I
WpOOKBdZQAc
WqTxu1qVwYQ
wR2fwSFagbA
WrbA2JJyLds
wrM_s2MfgxM
WRxTLIHTxZc
wt6LvUVAyiU
WuEwwYZTM-M
WUYCvmQJB4o
WXSLMCPf4ds
wy16BuMPaXI
wYea7OGulfA
X0t4kEjzYfk
X1JTDN5B3qY
x1PcEyJONKQ
X2RH3B4ybIY
X3gLIQ3l0gc
x7jykvRxU9I
x7pkUpiAlEE
_XB33hYERVQ
_XBnc7t6yvM
XcBAa_ytj-I
xcH3KDpeXzU
XCQ4hy0DsDo
xCv1KOcBhFs
XEH_FaRRQCY
XEY1VIGFZrc
XFfrfcVc_s4
XGTzE4yJl2g
Xh47gi1CAUw
xhYmdqGidx0
XkkI3WvR9gQ
xnP9j0l4eNI
xpRLtwZt8Hc
xsc3Gll4kIc
XTDZRcKCEss
Xtef3zUuWhs
xUMgvuxrRQI
xVIy1wrPL8s
x_X3suBpdIM
xXUglvXcdcQ
XY4M5LkSz1I
XzydCTSm_ak
XZytkR7W7Bk
Y1T4wEu1p8c
Y1yo8RqjgP4
Y3EgNi250vw
Y8NNUqLwDDM
Y8p9NA43mxE
Y9Zm7jgMq_c
ybeaQ5PfQyI
-yelcq02hSQ
yEs8J2eArb0
YEYmCHQ-b1s
yghIjw_SsHY
yG-n6mRGkSc
yGVheQvv1qg
yH1oeNx8hG0
YHJq7mXrXeQ
YiVaI98g1u0
yjFBuoGeeAI
YjiiYPdm1l4
YKBJTNvsPHE
YkpCCRqd5jo
yKqQmlmmLoU
Yn9ep3Noz4c
yNDb5DbybhU
YONG4bKWkWo
YQgV4oxYHDo
YqZnZbAZexM
yRR785TdRJY
y-SGYVUZaOk
ySjfkLU0rwQ
ytBKbXp6fVY
YTELAONxKI4
y-uE8FhAWUU
YuEUxWW6Cww
YWNCJUGYp4U
yxjfRNnDy00
yYm7_bSQ1bI
YYNolVyWzD8
yZPHQy2RQHQ
z1XyMiELluM
Z2Q2vaG80ng
z2Y-wkocmxg
Z5mJU5Oj134
z7PdHSbs5G0
zBBbrJOqEYg
zCHEoPejkFE
ZCOuE_WfIZA
ZcsOBx-KvLI
Zdme5c_CXko
zE4gLpcON5U
zeFPJhuayuc
ZeUtIgQa5Qs
zeYX7OJl9iY
ZfamvAd-e00
zF_garsygzY
ZgZMjU4rvJA
ZHMAdBLKsXk
zIEG6Ee97LU
zkP4-A4Yr9Q
zlFMFSdJ7bw
ZLQDYrTsKG0
ZMDoqLRW-vo
ZmP51aguVos
znVnxFjep4s
zOeYJUBFJ5c
ZOP1FxKKdsU
ZOuOtexxp00
ZPgCVQIh-Pg
Zrkm3qbp_20
Zs2O7kN_xIU
ZtQf4JEyX1U
ZTRw-2L6_WE
zuTLNH8Y3fk
zUYl3h-IKPU
zXahsbwlZPk
zYkYq5LkgmY
