06HIyl9eP9k
0aWU9Zxg8cQ
0bRzYLO26oA
0cWzv6gGcYc
0FEzRmboNxI
0g9fnscsz6o
0ILYNlp3RB0
0In3Dd_k7ms
0IRGtP7dtRM
0J9Y5BoJt9k
0lgjze6FhJE
0mtaOEMkyc4
0q5WcMDkvpk
-0RyGZ41cic
0uIRSJfmQAs
0UTk4mhIh8E
0VJkZTL4B6k
0XA5qd-7T_U
0Y7s8Qp3GCw
0ZjwRulUuvQ
_13v9wTJ7kE
1-86dRbubR0
18av4GHnT7U
1cQj2ArpruA
1FyJibWnoqI
1h1acypNYBg
1OaM87sGMdc
1OpgE_r8Cbw
1Qnr2BB9KIw
1sAcO4yN8-0
1U5tSuWBq8A
1vDPmLfp65I
21inn-HqYlA
25LmgY5druI
268fjdz93Bs
28diamg7z5s
28skounlZZk
290ABGRpuf8
29DorhprTsg
2AHrsfi_uF4
2d3qJhlvDgs
2DnHVpY2uaU
2E5rIlt_dCk
2e5Yblo8-4I
2F0gOGo207Y
2fhu0iN8Zf4
2flgTc2knI0
2FQMQZmDKSI
2gmMUgHVeGI
2jA65esP-7s
2jCYum6_68k
2k7p_6_ao_Y
2l80GUtdLus
2pNxR8PRXnw
2SgF57V4H4A
2sQKDKVAMXo
2TPrGqCfP8Q
2W4E7m5NwJs
303uijri43Y
321C4UjCRIM
34U5MgeALww
3BWCgM51Bfs
3cm24eaartg
3fkpUjPO04k
3H4hYIdsWfo
3jQkgaY76pY
3KlP29JUcaI
3-lhFKg8oK4
3LOSPDpFMl4
3myfoJkcXQA
3NoBrygvy50
3ph1TjUOsO0
3TrgWx6kTAE
3usHKFJjGTA
3yVz6WRmABw
3zywpIJvUg0
4a_Fdd19mxw
4DgJASHMlVI
4fl_6b7h6Ho
4GO7mXlWGvM
4hQlxmEw9gc
4HW6BWjIF30
4MG0QZHOEuQ
4MnC3_57420
4_ntM4i1dZ0
4Nuzkd0eKi8
4o5RHNU_Osk
4ti7qqtkAJ4
4uR2glXJByo
4xfH6es3Qew
4YPDFLK6SbQ
4_YwGYZZnn8
509YRFSgkow
530S1PMXSyw
54GgPv8LFtE
56s9HvZLO-4
58vdG-BY8FM
5aMg996AU7Y
5AzODcrySf4
5BqzGNQKchI
5GxoanMMq0I
5Le98yGiUCA
5p51Bft1A4g
5PBtDJNVKsg
5pXEQu6mQuE
5Tn4o2i7HrU
5uz2dlztO9s
5XvoDA1pGnc
5Zc6ERMyBC0
5ZY8RKjHv1U
6aD8EOaYzy8
6jrxsCLsZiI
6LSxBmhLhMk
6McJdBZRVo8
6MlqBaY3ZSw
6OHJIrj5vSA
6OwzRWN0dbw
6oYK9gHrC1w
6qkEmy90DuM
6sb7Z2rT8Mo
6V7zPqAAvr8
6xkDm-VZYWs
72B-j0cr2s4
73wC34FT1FE
74iFLsShe3o
77nHfMLIP0Y
7A4zHyFOtrE
-7CqD8uoSt8
7dP5ksM973k
7eFAxyO2X2Q
-7etD57p6UQ
7f7I2kr341s
7FxJf_cMEGI
7HsgmzNcuXE
7iwJ3WfI6fQ
7jDTRUl_pzo
7lFi4aR38Us
7oqQDmbZFuA
7p-0sNBGc1g
7PCchd14WWU
_7rQXmEJzfQ
7TbH6FHVR6Q
7uMiD5-HorE
7uWHkNLTvjU
7VH05qhy_9M
7XUTt6GFJ-4
7yn7bucfrlE
7-zQtWYxyyU
7zxQje-kc_0
81vn1v1w9Lk
-82MUPoNLYs
83lA7mxVyKo
8AmMFX3cTQs
8aPSyBTVENc
8eeybocjbmM
8ES5YCUEyFU
8GzWeCzuDns
8kUcTgDeWW4
8s4KjSmOZYw
8sfgDgD2LJw
8x2wu2bH8gI
8zdYzVdsUtA
90H_3sw-FeM
9AYRyiDyRGY
9bTTfiXqUxk
9hGL5umjcAw
9iRHBGKuRsI
9Kvv3ZsOOCo
-9mSfp1aBJg
9RarEQe6jEo
9TXZPHPMlNY
9WCvw7Ru-Tc
9WkbQngsiJs
9YDc1IrDtcQ
9yWX4F4rCAA
a2Lvvp6vC4I
A2QqQhf0wro
A993pOYoM28
aAEJwnNQz5M
aAkeEs8iZks
AB9vIz9QF2M
ab-BtxFMcPg
aB-pVz6__iY
AbTrVeXtyPo
aCDnsLAFOVs
aCkKFnMsxT8
ACo15Se2oFo
aEajgkjzSbg
AfiUt7oGXU0
aGD4BqNMhwQ
ahtaxSDkCzg
AjGBnjG9t6E
ajs7W0XTm7s
aJwcPMJSf0o
aK15r4J4Wwc
AKOTkqdHKAI
aLalc1HbFXA
Alx7HYsy8qM
ALxPo5Ss0jc
am5VH6Nxarw
_aMb1QCBHig
an2qNc4n-aQ
anSCMOMjTq0
AnUWtBUfLqQ
app5TN29MEo
aqaJi6h-QM0
aRUc1skH710
_ASM-tHbYCY
ASs4QxPH9j8
aTTRa-GRO60
atYzBPi1SIA
Av28YJN5_XI
aVdK5ogAiEs
avlkKfAmjFA
aVqh1NxAEdc
AwaD0YBoS28
AyBs-_dkeiI
-AZ5jRE77Eo
B-3wsxCIfjU
b4JOq1311TU
B7oRxKVINeI
b_AeLDrxbAo
BAPQ6sGRUq8
Bavxuo-WaFk
BB6Px57AR8k
BcfeTZgb84U
bCHagrGYWLA
berOubNqIak
BFeu-TcKZUQ
BFEVpBZGnrE
BgZapb-Gh6E
BHC7Vm8AWOQ
bhOq81sDEoE
bIdqp-Gy2Ok
BIhA53vppEk
bK24T_9qnIk
BKmb8xmV2Cw
BkSsp1owfg0
BlOe8_X9Ky0
bmaab6JSGHA
bmIapOfI0u4
BNJjxsOJARs
bokjrS3sDqA
bP5hjBjUFVM
bsbcvKWSPeI
bthuC4MaVKA
BtoyfzlKeso
Bv6itMh4MHE
bvZO6jpxwWA
BXHv4UbxhBk
bXPqFCkyrSk
ByHJJ1GSvUQ
BZaN8A9l7o0
BZfRUWv8Z7Y
C0OHpFPGHsE
c1wTOnH5dvI
C3MYab50iL0
-c3uI7JaQVw
c3yRcvAsqvs
c4pnW8G536Q
c8bnhOZdRG8
cB4j3S25jts
_cBewOAmGsk
cbQ1RYOYbfg
C_CtooOrBV0
cDmaLWRfeR0
ceF4RveKpwY
CggWtDmIgOI
cGJw5ZqYXzc
_ch4MxCJI00
CI8i9QM0bec
ciG3GJcMsPw
cixWGHu5VXA
ckrEQ7lJ7_M
ClDWo36hTCA
cLGGbXLKx-M
cLiATkVjLmQ
cLp4dOk5yeg
ClTbli1Pu0Q
CMDDPBsKD9I
CMMgz9B4ePY
CNBdomgJVu4
CNTlJhIXUBA
Cod2DJ_jxSM
Cpd74NYgQvs
cp-MBgDj8nc
cqHzyKmiOWc
CrCvc5_SBw0
Crx_hB3fEfc
CS1q5h6vx-Y
CtjsxFNWvlM
CTxxhpRnk-s
cUWphVw5aRU
CUYfUQ2hj34
cvbZnDM31jg
cVcXj0AbKN4
cvYkYbLO2kQ
CxTWlv4S-rY
cyg4wQ8ZyOU
CYxavP-Xjto
D6Px0LX0xO4
d8mDAMXaWtk
D8xd3MRpMnc
dbBEfko88x0
DbkhFMW90Oc
dcpmKo8KO7E
DCWdLBgXS3E
dD78zbvWimc
dEoSSopRjk8
DeVtWP6j8EA
d-H96A5Wq0g
DIJfU0ixKN4
dkSKsucTFN8
DLAKYywZ7YQ
dlr7GboJSFE
dM-K8hvnxIQ
dNpOjnKpGHo
DNxfFDahkEM
do8UhlJHBn4
DPky2aFB0Gk
dqLQWIVwT7k
DqXR-qdznJQ
Drmk1fFi0y0
DT1ws86i1Gc
dTl-W_XJ5cY
dUXFF3FuMtk
dviEcPSeHLw
dvVF8n7f7rA
dWczeDS_49I
dwjMtymariM
dWtgFY6phPI
dYaHxXSKBUA
DzdgPqWUzDE
DZftFnyvChA
e0rXND6zK9o
E-0yzX-wgI4
e44Qu_hK-7U
E57YggJiORA
e5ARW_dZTIk
e6c5u_fQBAo
E89PqmllLIA
E8otdbCBETM
e8s1NpQ_hRo
_e8vp44sFm4
EAamc9092X0
eblm7BAA5Ps
ECLwahBAjkI
eEu4jbI_Ldc
EEVBmcoVEOo
EFz2iLA8KbM
EHcy8wbJVm0
eiq3xCRW-Vg
ej6tU2RPDbk
Ej8pgOlmYtQ
EJ-tfymSdJY
eL8lLNgKfI4
Enk98Fnurq0
e-n-tp_9oqc
_EpbQ_yUAII
EPI7M_iSDi0
Eplztp-WU1Q
ePMGcf6FU-E
EQ7hMo2YB70
eQJWwlISiTo
Eqs6NnvS6Gw
ErNAhrP_xjc
eshPnD99g5M
esMGJNStGkk
esPuOO5sD0Y
Eta3w_5NEZg
eUuDxzTzRp8
Evdo5iGuMG4
EVe0Asf-_1A
ewoQ-e2lU2o
eWq4dLCcOUM
exfwlRpTM7E
exSWU5PBfoI
Ez138J9qNUE
f0BcOZK_PFo
F0m4ky-xJ2U
F0TJLkitEl8
F3ceY3TuwKs
F65km_QkRrc
F6wb6M4SYVE
f6xxYPgSm40
-F8YfjffCvg
F9Dm8wmDgE4
FaObM1G_mnY
FaRCaA6xOT0
FcmMVnam5Ac
fDdJ8ovBy5Y
FE6f3VVoV_k
fF6X1aI9JJI
ffRV79J9hkE
fgkvNreuuIY
fgm9Lc0d1Qo
fgnyxeSCFlg
fIo7JgGFh68
Fk9UkSg37HM
fLGYt6nw6CQ
fMFTdvI5a1A
fMo4I9h2LyM
fNvzXZ0DKMU
FO46nb5Cy5o
FoosrQRG3Yw
frwMH0v9W8k
FRZIEkKl3VY
fto5ifbdc98
FtubkR6n_eI
Fv4EAnFPpuU
fvaLbRDMiJA
FVGNGYxWAfQ
FVWP53G-L7E
fy1G38Ug0r8
g62OfOnwjf8
g76KCSdaJJQ
G7KE9RIzvYY
g8hgFJvQRag
g99B9gdtagg
gA0YYDzTrZM
GaAIjOy07I4
gAGAxdJCHfQ
GbCBKnl4FQo
GCloQSJBoaE
g-D2RRdlfAk
gDZ5roxbbfU
gFU4XLn_sF0
GFYfFiLc5vM
gg8QiLtAgmQ
GGF9ASS-ncI
GguyELR4zuo
GiN4kqV2aDs
giyy0ZaTbPQ
gK50EYUkqOY
Gk6-7n-fFxQ
glhmNw45Fow
GLlsozYOseE
g-lyrtPGgww
GPf_TQ4rxEM
gql7nPgz8Wk
Gr4HW-Y4U2A
GRYJqMpvlTY
gT07RdUo7iM
gtGv1Wgc3gU
Gtt18NPvtf8
GTxkf6XdQVE
GU7k5NO3naE
gu8p5dYMfrY
gUeAnO5er-c
gUIjed4mxfQ
gUWF1qNfJzA
GwYsEKHrIhg
gYdqzZG24Kc
gZ0O5sxyfaE
GZrDMTRB0eg
H18GF8gZj9A
h19dXY-4VTM
H2z-xk4EbXA
h32mb2FO32s
H4tpuFrQyd8
H4wuh3IPfMo
h8633Afg6QI
h8nVQCyDt9I
h9eb-oH9Ga0
HaCuYg0CNkY
hAF857N7N5Q
hBSCZoi5szQ
-HC0d1pTYPI
hCVXYeMUDRs
hCXOiLqTJhQ
HdXe4luk2Eo
HE-UH72rFyU
HFZvLIjgnwo
hG2ZRCrLqk0
Hi51WZBI70Y
HIOQVFneGAs
HJ-dGs0-HVw
hJZEpI-NxXM
hK2vt2waAHQ
HKHymzYX30Y
hkLnyMCoZHk
HM5uJWbN9-M
HMOGQFTdiz4
hm_uDOR798Q
hNlD7dzPvto
hnOj2IZaJ9o
HqL9x51yrd0
hqNPmmBtXbU
hR3ywUxyAjU
hrMXGfCWPCI
HrrxpxzIKcM
Hs8DoMYdz1w
HtnhD19G7lo
HtOr8pNe1p4
hU1IXYFdVkA
HvgYgtIZ4Wc
HwgWsTsgf5w
HwyBal5-JAw
hX7aT-v7fGM
hxfQtzy2TFg
HXNGgkN5qg0
hxQB4V9sjnA
HY-JJPJI2Ho
i0dIywKL2X0
i32DGNuE_lI
I3ZRYlxpRdQ
I87CG2U41uk
IBSNRQp8Rqs
IC6Dukc9A2s
icFGgTikQMc
IClZpcOYZAE
Id36OOi7PrM
If_gLNmkLfw
ifr3h-0ouf0
igfBKU61kZM
IJ_AW0ScjcA
IJhCd7ZDVVo
IjlNveBMoK8
iKqszIDanEk
IKvtDIVvuHs
iM2BuLnjOU8
incBjUO_DaQ
iNLY5Ioyz6k
iO3jnpKwSjc
IoHmDt1k8EA
IOpGqsgvGH8
ioTBRzAqAao
iRc-QNa0ZLc
isLy2ce71HI
IsMJFt7M-yc
isWS3u2dRaQ
iWPQaWhK_6I
IXSgxRnYbVs
iz4gPrrartA
IZRru4Q81Co
J13Fs17Y0IM
J6cF98Jjgvc
J7pjk4JGmA4
J99SEjh37eQ
Jab3s0MdKYw
-JamXv43dFQ
JdFA68UwWBU
JdGArVCT2nk
JdZIjbu_9jw
jEJVgdoW0CA
JFtbLTbG2rU
jgHfSnj5u8M
Jh459L9atRc
Jhlk-f-n8XA
JHmU3ZRTr7k
JHvtVQWmzw8
jlUAO2-MYzM
JM4szDu1Cls
jm-hOKQBd-k
jn1A4nUvWzY
jNf5Wtvsn3w
JOASg9wTkh8
JQeECr1Dg8I
JrgZ9F64AOg
jsapY_ezOrE
jt2ajWdcpfM
JUcocIA1qtM
J-wiw-2AHlI
JYBL90h35cw
JZ6OMEKUwCU
jZ-refV91jc
k3n_hQ6xNnA
k6kxVDL6xdU
K8SxFkIxO7g
k_9MAOuollo
ka58xCKgu6w
kAUn3lpZ5mw
kAxF4BdaqTI
KFM_MSb08EY
kM5U_9TK_0M
KN0we3P3AT0
Kn8Ndsf0W70
KnperYVfkp0
kNzQR9lzhtM
KOvKsBlqRaE
kpAbBD3RKg8
kPaVyA5n1xk
KQwRcuCXwYU
Krg6mVTSE7Y
ks7eG4Vfd6g
KsarqnKTGNk
kt2wqeNjsr4
kU-MZNlp_6k
kuv1SS8O8YE
KvArAghN7lA
KvGkshb9QHY
KVuvepCFhjM
KW9KWL4qWJs
KxMVmkxcb20
kYvIFrAPRss
kzONpmflSoc
L0j6iv-BxuQ
L16yUW3eBgY
l1baIh6VV9Q
l1pkjOL6SGY
l1UwBNNc6fA
L5wc3QI9nbY
L64YWwPcUlw
l6DY40v9zRg
L6faeZU23aQ
L7G5EdWSpjQ
l96VoPvjFAU
l9ClRsl6a58
lBaae7ZcOm0
lcpzXcBzrm0
ldrthqSAEtA
LftHPfif_NU
lHCErPQpZJ8
LJ-gkI4AayI
lKfyS7D_5g4
lKLUsmhVHjw
LKW-WihjVss
llU7RiW9vK0
lm5KsvUmzHY
LmjdVkEjNuc
lMr74ZEMiAc
lmtZhrrOCx0
Lmyq-PGku7I
LNPFOmPw5nE
Lo3rr-razXQ
LOxB4Uo7x_c
lp5ZCFiuu_A
LPyyhus9cJ4
lQ2czWMhhMI
Lr9tgfoZpz8
LrfYQ2SPNnI
LRU8L41gx4Y
lsVJwcCpCDA
LswEdML3buE
Lth-fcyO6zQ
lTiHsOQWamI
Lu970-Km9YQ
lUOCBOgl_9o
lVhkIQz9-dk
lviAyyZjMDo
lvkpgg5ohUQ
LWrjFNwy_ZA
LwwqdoYqNzI
lxbmQhJu_B0
M2KbPWeZ3Zs
m4hosGlD_H0
m6P-dR8YVsE
m8nHeFHXUQQ
m-98D12n3Bs
Max5UbFVMJo
mB1dgbOuCpQ
MbD4rhqtUl4
MBi6gybuUkw
mCTyiQSR09c
mdDHEtBmoTY
MeywdtFnXLo
mHkcQRbKZiM
mhKiltYKGEw
MHXk001Xn-Y
miwuJudSBWU
mKYbPKyxWBw
mlBFd-_4Lbg
mlggM3cLRl4
mmm2qPnl3p8
mmS27yahcdU
mNhOd_sWZr4
mPgduEE4ttA
MpuHOtFEHaY
_mr1aWC0HHs
MsgtM4FC54M
msr-7rL9Dww
MSSuL90HUvQ
MV4tfEYPVLo
mVE4ChtwCBk
MVjFYqWaer0
MWA4_FBnlzY
m_XiwrLK_vs
N1M6rNc3F5Y
N28DYFdfRbw
n4iU2KgPhwg
n7XvbE60UKg
N8JpdqAX3qE
n9ac2ylNg80
N9AGYEgV86k
n9rcYG2zf70
nA1wJLWXUow
nBpB4VEnQYQ
nDJ5qTIqomo
Ndl44OBM4nw
ndlJ0BzrtGE
Ne09zvvxUf4
nF5kCRua6zc
nfFciN8Pue8
nfnXf96MrXo
NGFlKxjKg-c
Ngj7KUsVg6w
nhPEh5QY9WU
nIaUcl_FF2c
NJG5O9yIp2A
NJNi21uNdYA
NJy3tTcCJl4
nKHyYdxOBwE
NlbGCWppVj4
nMbkDam9bSc
nMlTDwy1ERA
nmrbU3xrXNM
noYM9VE_XlY
NUVRltbl9sk
nvKMbvkFI4I
nWdjNmGBXGo
nwjj_fSs9VQ
ny-bMDpLK5c
NZVZZ3hk-Pw
o06C4kBLG2A
o2pMO7JlII4
o42Q72v3ZL4
O4joDMPcAS8
o4RjMP-EAGM
o59SY9bpp_k
o7i6AbRvA18
O8HjKwqnF98
o8kHmo5S4bw
O9bjZlz7KZo
O9l9p54_-7Y
OBgNHnyN4i4
oC_bvTmk0ak
OCxUniRxSN4
oD5zxrsdpQI
odJQMv-eMTM
ODkseEV41oo
OffjYqIbG8Y
OgEPkvMeKeA
OgsVjCV_DrU
OGwsB_cGdO4
oH522xNfsYE
oK2FoRF_bKU
okn008Y0wyo
OkZAdnrAs5M
olEnN7xA2JE
OLghX1de41k
OMoruGBpOYM
oNXEXHAtn1w
onYAnEdReT4
OOliJhO2odY
oPiPcqCgvKQ
OpTa7hOfy8o
oQN1VFVgJT0
OsD7B9eII8I
oToz5EUKH0w
oUkB-XU-2dw
OuN9Bco_oJA
ovpG1Ug0Ak8
OWKNINMVzu8
oWrMgrVjqtY
oYN7Pq9uHRM
OYN9A5EO7P8
OYnzBhQ0IKg
oYzkclGUp9Q
OZ3A3Q5qeJE
OZsLOoJt5mM
P_2eQxHE8go
P3h3Nj8YPkc
p7hnY-Ntm3s
p7p6AHplci8
P7XX4xQeZoA
p9j7Rr8kFhA
Pa3msCkjdO0
PAID1_dB8cs
PaKjeH5Q19w
paqOsMSW03E
peBKfWgIQjg
PF0yadIq-jA
pFEwVJqkOxI
PFroZQzzk90
pgnSu890E-8
pIIWAl_MCls
_PjleKRFJaU
pKpd9SYpz-s
PL2xUMp0Mpo
PleuEKQdMs0
plSEXRgNJ1o
pM8ffUWelzw
PN7FQz6KCs0
Pn7wVKtGwyE
pNlUefJ1op8
poivsEd5HRc
PQuzeid-Dsw
pr8cgQs1m5k
ptbkWY1pNdA
PU6HWfO9rC4
PvKXmIYGtDQ
pyN2w_YIXNo
pYXyBewXwaw
pzf5gK9Nado
PZsqcYsyK0Q
PzZOmRe1BSk
-Q4ElvIyjkU
_Q4RYW3fx-4
qa6tGurKcMo
QaF_GPRPshQ
QaSaDOwTsoY
qaw5hCMAZ30
QCliwYKaCaQ
Qd5BS39eW0Y
_QF0e2asmvo
QfG2c_aENbk
QfG8LA-bm2o
QFUtAuVQ3lI
QgtwKVus3ko
QHesv5g4o4g
ql2hpI6cSyM
qL_QUlIQI7s
QmElj4BtMN8
QMKK-jIKGag
QmPnTQeOWLs
QnfWuQ0zWsY
QrKAa9iJbhA
QtC6J-WAa7w
qtHEZ2XEqXw
QtnPYc1y9yM
QUb5pDcY71A
QUPwP0hNV_Y
quuKF8dMNvo
qvq27OTVMX4
qwEa1vlvEew
qZfnUoSZmYk
r20rppKD-Ls
R2J2tBimL8g
r-3aArnw0Z0
R3HfpUf7I9g
R5G5pkKfeD0
R6zQ6R15AVI
RAFOthiYtxA
rAYvvOTKdgU
RBjS-FNoNxg
RCGe38S-HyY
rd_IkCwCl6k
rdv2HAn7Koc
ReHlfxMbFic
RfZIEo5qUlc
rg1m0t44afM
rgqTTRc76BQ
rh5qOsK4Vqo
RhHTKbVrCNo
rhvjchtkqIQ
rI5vAVA8u0I
RIZZ6dQjWaY
RJWxpZWXdcs
RLkLbNuVz-8
RLKNXFNAyjw
rm8K7GfLBak
RMmgCB-64-E
RNHQyiXeeF4
RNnLwdXYs0s
RPN6kftV3fM
Rslu6jM0Eok
rTgiFbpcn9I
rtLC5lzZ75A
RtTncwgsT-s
ruhs9Atcgmw
rUyqueXKUEc
rv4zgCRYfCw
r-yfywSL7qI
rYoXLQCdTpo
rZj9D6HWki8
S_5UJisxoLU
s64fF8KMQD4
S6ltR2Bes6A
s9hKxda65SM
SCaV_LqklsU
sCgbB1U8DGM
sCGibFHx-vI
sDx1c_J20UM
SE_OcXsIW4M
sep5wNaPkq8
Sf2iqp82K1I
sfHqiKJ9OpY
SHpZxNh3kPw
_si6Bo-h3aQ
SIpEqPql9yE
SJ8hCNiQy_k
sK9_SiN4Y5A
Skcx_ks2DV0
SlAS5Kb6KRg
sMbf64-lQMg
sMXtk2AzKAc
SN8wBRcJiKw
snbonBOdVKA
sNcgyECjcxk
snEt7DY9h4I
SNGKxsqCVIs
stG_yCqhf9M
STt2_1CRbPM
sUCamUnn6Wg
sVvrs_S7HyU
S-Vyb8eG4GE
SvZBVti9Q3w
sxG224GTm1A
SYb-ouhouzs
SyTjAOtgZtg
t21oDx6Cilw
_T3GCJ7U1mw
t6OVhfengp0
t7lY70wTa9g
t7xL3k-CCl8
T88GmJ8moM0
t966_9jH_g4
T9rvrGJNwAc
tAcsBmgmReY
TaF1dPyzO2w
tBBxUyca_YA
TBdaLOdnzEc
TCbMARBkCEg
tcu5b-TKRHU
TcUJ1Dv5Isg
tCVlPz84SxU
TDlhXAAtyy8
tEh1ZDIErJo
teZdvRZEv-E
tgHLxtc42ek
tgryVbZCP-I
-tH46DIsXYM
thXse6m2zl4
ti0KksQRcm4
tItZ8ps88sQ
Tj2FT7gHJY4
Tjn_0Ny5aK4
TjR7355AaxY
TlON9_1zfx8
tlUH2-qNsU0
tMNqpTAmV24
tnN_FBJdR6w
tNRnwkrVQn4
tNVDjr2Iz04
_TprE1jhPOg
TRgXzRW-Mj4
TrVIh8GFCko
tSotqG5tZrk
TtcKif7J4oQ
TUNZQQWDoYg
TvuSN84EjY8
Tvvpnwc5O8Q
TxxmzNPqrH8
TYnqzdB2Bzc
tz2Ub4SfcxY
tZ9lLZT96pQ
u0vkFX2MI6o
U11PjaePrVw
U1DQzu5aYGk
U5HSyw3Efeg
u9Bo2R6DV8Q
u9mfo-WAqvA
U9mFyHEFNHg
Uaeb8L5Dq90
uApFgDWIcNc
UBb0MtGEUB4
ubi6-HEsVig
ucAa1gZpRIg
UCjAfpgjz0A
Ud8_iLn6L80
ueANIMAAp-Y
UH2O45jwYec
UhAKZR6O9vo
uHi6PMeYabQ
uhtVtMaeCzQ
UKkpvj-f_EY
UnaF6NV5C0Q
UNkd92uTb8U
unUkU4L928U
UO5d4fCsOpQ
uovEqpV7kKE
UR4oti6AThM
UrUeqMnoCLg
U_TfFkZU7ME
uwF5QhEnN7o
UWixPUtIZ3M
u_yvvarisnE
v2NgVHr5x-8
v2XilM2Soq8
V4r9S7olopM
V4xUQhuwf8U
V6R5loWVNjg
v8wlh2nDkRk
vAcAUj6uIeg
VB4PuCUepZQ
Vbgk8CABUek
vbhkSgQc9dU
vBmnCiV5UAs
vduJ4KIAItA
VE1yTo93Oro
VefwY0v7syA
VfCNtl5WUjs
V_FxbjDPfTg
vG-dHMTnSHU
vHnRsFsrlP4
VHyQSXxPJA8
VI-eksHbxw0
vj88Bx24cBA
vjESvxRjBkQ
VjyN00kbYtc
vLULXahJ3ds
VmAz5_WWgVM
vMY9Il-isAA
VN1BKBH1hAE
VNGECf_2m_4
vNHo2TM_DCE
voQyCNtHPr8
vQCzjBjaYxU
VQDvI94fMGw
vqHBTNihVUk
VQSiagLASN0
VRnkGZg2qEM
vRZaRpmya0I
VsSYXJl6eII
vT1cI7dDO4E
VtLF0reJ7jY
vw8OR-MbcQ0
VWAjyfzgdqA
VWfdcPHQ-cA
VWVb99bZHgM
VX6IMTGEMSY
vXBTprWfgjw
vxoiXbs3WwI
w1ft05rAPh0
w2SpthBcj4U
w_3_7PY-z9s
W3-jtzhXse4
w80Imyzp_eM
WA-XFS8h0Vs
wb68BJKX4d0
wbWl5ZS6UFo
wg4XUIUEIvs
wGFKRvQI4Hs
wGRU5F3MFIk
whRk3iSNOig
_WJqwZWzUD8
wkpMwzfPx-w
WKyNU-8MrV0
WkZco12OJmQ
WMcwR_m-geY
wnUISzs3JLY
wpN02gp4lgg
wprLdRSQ5O8
wpueQPTrG80
wR0EEDIzRto
wS4bxbhbj14
wt3zfaN9mMM
wtpYFu5LHUI
WTwDPLW6tts
wUsxyjgKF38
WVr4ym0qFmc
WVWRy1mywP0
WWmtevNcCaA
wWoQVNwyMDw
Wx82-H0lZ3c
WxdO3p5b5iE
WY66vzBSWxg
WYn1Hw_4-Ek
wYPp-9c-bwg
_WZirIYTRxs
X0Dzo5sCmDQ
x1DURjMN3Jg
X2OkadzzlG4
X3IfOxKr1m8
X5dw-4Z5-u8
x5O1QmzZINE
X6Xw-VjPbTM
x8Uwl1qHqoI
X8Y6-CsXk9Y
x9sE_EKRAGE
XBNTqPa_luU
xBUFw5_0TbY
XD8urGLEH0c
XDixPM7ctrI
XDtdgioOcsQ
XESFKCGFb9M
XEXxSUL7z-0
XfOUSI8VSM8
xg1rvLFb-oc
XGBOtWjWkLw
XgF3seJktJQ
xjgp-6EVVs0
XjmxDMZh6ro
xKqIcwZoxDA
-XlfqTTCcLg
xLiRd0thsW4
xlNICGd04eY
XmGuQ43X7bk
xNWozMtgN_w
X_pFeemIafU
XPRul7PRIxE
xpZTa4l3bnM
XQtI8XSDtWo
xqzSQjFZsDU
xr0pcBMOaTo
XrcBdYS-Np4
XtXFQ5tV-pg
xUd-c7xLgMs
xuDLaUnEUmo
xUkKbZfkYe8
xwEePAZCFKI
XXI7JOshAEM
_xy0vLmvILI
Xyg4XtRpQxM
xyp0kYKBPS0
XYZGayGbXqs
y1g_zHYHgrI
Y3FgAKrd0Ys
Y3REdSo6DA8
-y4J1Z-ywrQ
Y6nsd3rPeXA
Y6Xd3MrQ5cI
YADLuiw2Las
YadVX6zUqfQ
yATAbypSJT0
yAtTfgy6RFg
yb4OS3y0gq0
yC3CuDrQ_-s
YC6uYhPjLIU
yEzHqQKe2nU
yhn_EnPaBvs
ykhBIKRTwrA
yKjkUfGbXTY
yLKTKn-V3BY
yMs6xdRpFlI
YnDHXDp6cxc
ynFL2pNL3gY
YnF_LRSfJYY
ynK9QJw11bo
ypuCUyEq2V8
yq4a6kYjwn8
yrHz7eqtW6g
yROn7RzGjuA
ySYb_S6WsXg
yvj5DACcraw
YvnGuVkVU7o
yW8ltSsILnE
YXKcltVrWh4
yydB99Ius4I
YY-qMybeBps
z54mwpXyLbA
zbsjbgj1XBI
zEH3lGaL648
ZFf8BDka5PM
zG8xLnGPU1I
zhlMc291lZg
Zi0AU2jSZiM
zk_9W_1eNKI
zLAkmefwPoM
zLm_fBTKoSo
ZMNL8C1eQ4M
Zoq7IUQJ2J8
zp1wMANlVwg
zPMiY7UUpJU
ztByrz0_1rc
-ZTex1HyH9Q
zTplrqBLRQs
ZtrBpnVNoWQ
ZtRLbNK6ZLE
ZTYyANMgQnw
zUWyQdoN56E
ZvmM_h2bVE4
zVy9T5ficdw
zWec1zWbOx0
ZWWaRyA2RSA
Zx5NfEkI7Bk
zyvl76yRy5A
ZZNX-kz_P6w
