0cMO2d1khRU
0ej5Mj7EQQA
0IB8qtkVSZw
0pI3BszJ1JE
0SOkiw9MSis
0WbmGDmH0ew
0xDNHsibpo4
0ZVXEuqqFg0
1DRkkBkRZ3M
1GhCelbnjHU
-1jY5Ou_cSE
1QChSNUdIUY
1S72G5rWTCE
27DXdqYNdTY
2cbXK8-83n4
2fI2CQKYhB0
2HRenGNwc9k
2rtFC0aJ1Gg
2SU6EM39ayU
2tco59-_3A8
2vcG0tF2jV0
30BeyfyIDBU
3B0Jze8QB_Y
3cSefSg-7Qw
3FsE1n-dZgE
3FzMXahZlOQ
3GMF2KrgAjM
3j7I8PxZLe8
3n0RdHdKNfA
3tAh4Zjll6w
3UJQnkSQJGM
47J4ke5ibig
4AJXUvNEzbg
4edFS6eM82c
4Gog8PX2uuY
4guQoiB_9Qk
4hTN-La8_ZQ
4hVx_pV5md0
4ohTTbMfK5A
4Ql5CETZzXM
4TnV_h97nU4
4xqzmFEdzEQ
50OT3xyHfls
5GSocEPXlXU
5Kh4XYWUFOQ
5Km5YX4_jSQ
5kpkm_X4QHQ
5pSrvyTmZXg
5z9s5Sifu04
60W3At37Zzo
62mjUcMA4PE
6E3zK0qzwcg
6HffXYYPp14
6K7lTz1O2Sk
6l2_lXlnKx8
6Ua38ZdCEKQ
6yBs3HKDmf0
7AO8PiV0Oaw
7CLycoayLkc
7hjk1p-svQo
7jc85Cwbefw
7M4ulYllHOY
7o50520HOZQ
-7Ocoso1aks
7pkpXVUTk1I
7wVD1sbv5vo
7xwZ3-u7aeA
83PI695emF8
83wW_dY96B4
85KvGbP2m0k
88mZhZ5pYag
8B7w7neTwCQ
8hBU0TD5_Ig
8IsWZwsalrs
8MjPrZE-7oo
8qDayov5e2I
8Uxe05LEIp0
8XHwlndwzd0
94zF_65bSmE
95_lA7qK_LU
9Cap9c6rlJ8
9egl0Rybt6A
9-Ikojt5D-U
9KJVucNBByw
9_qOOr5YAUg
9zPwMh_H-Qo
A0LvRot7QRM
AfZMtrtR4rM
AgWuTSK1eUo
ahhe-KD7JfA
Aqg9a9i_-z4
asb9_i_GYtk
AVgVszP0QaQ
AvKDIgAoFwM
AWFonRtUpVQ
AxXr5y6763w
AZHW7ZuBW-0
B0e5Zj7D4p4
beQ-RI85PvM
Bffuh1yBq2Y
bH1HMibP9PQ
Bi1Ht1u--y4
bnxFdtNKn8A
bqcEpMIYGcw
BqPYXWTw7Bk
Bu-3BVw3aBI
B-vaRSjZ62g
BXlo09l0zjc
BygO9GcnR6o
C78l1X3pueA
C8o7139MpZ8
cC0s9u5Tcf8
cDH1KQleOm0
CedD4F9GC5I
CHWZydtJRfw
ci_c4OBm0ms
ck9_Bk4_hjg
Cl-MPC1FMkk
clwQMkeT2Z4
CPbNd3mLb2Q
cVGMXhmfdtc
CWBV6zKwPEA
CwjT1pSevS4
cZECWunMypM
CzHHdxf08-o
d15mmCOpaqQ
D3a71EdduHU
dCx0Y3xzi0s
dDC_62WMPOc
DEE-XTDp6EE
DEJ131Jj9hY
dh9O4OZg8tI
dH-wZWBnfe4
DLiDFIRMoHc
DN58C8x0TLs
DQOvBiSHXTw
dQZjzVqSc8o
dRH-oFcvfPg
dRu_BRusSG4
dSmY2uAVX0Q
DTn_Kp9oYLk
e3HozWIAc_8
E7IkBUKryrk
e7y3ysaj3jk
e9yYLWSfBLs
EeSFaE9UspQ
EGnEfZEgM08
eicanKri_Zg
EICDe-ikDbM
Eit2hpq0HbM
Ej8KxVYay3w
eJq5n7abwlw
EKtPrZlAvL0
eKYwOMr_kc8
ELO1aAPIXk4
eRsNEyxBdbI
eSGwPXDQdqk
eXmUaNmBz0s
ExOb22OYV10
f2jDbZqOkOI
fAKUqB8T47M
fCOpWUicpNE
FDECuJOZnMU
fDU2ECi6mw0
Fea9SKdU0K4
fFMJh4NyBIc
fGb7PXBfno8
f-gCMtvdetg
FsMJSv2L6k0
G50sGpk07wc
Gd0Fes9WuLg
GfaZMignWJ0
GFQv1cqI-fQ
giDZ6vFw13U
giedGmUg6Ac
g_jyk75QGtA
gNevJo0ZouQ
Gq5gqDevXLQ
gqUle_qs9ew
g_rRFsLbIQc
G_rxAbkeNSY
gSyr6fwJvoI
GUiObA462aY
GvaytvxL_E8
gz4fGGQxwp8
Gz68KeidTtI
H0z162Se1W0
H4Al7HKGv3s
h5OqUt4ZLxw
HaUxn1uXosU
HdrM6YM5U2Y
hGHpPH_AAbs
HJ00H3xe6gY
hk5bmJPysTs
hOLK24FqoUE
hQDkXJa0iAg
HRJDY-wgQ2k
huHtUvUO8Is
hVIRxrTKtMA
HVPgyDPPVVc
Hwe3AwxW6g4
hXay-nu_mxQ
Hz4voFp8hAk
I2W3aum9IKo
ICPVJOrWwIc
IlHX9X-z8ww
IOjkEUnuJmM
ipYt5qWnHfY
IQTEo_gzwMI
IRfRMISTXac
IspnJP40ZjA
ITTX_vOli7s
ixXl0pesmQU
IzumUHNB8Y0
J1TcVuf7ehA
j2GAnU8fvxM
j86Kbt8nvX0
Jd0iTWSf4a8
jd5mKz48nd4
JDXZFPkwGnw
jeC5spAAhM0
_JFe-1MfDJg
JIZdvKvAqLw
j-mfq07rueA
JODG3tuAyIY
jrqkFr_vyl8
jsIqBTvGEaM
jXIqr1p0Xss
J-zrHtBnjik
K13-TZljJyk
K3jApBw72_8
k6vNWQkzy5E
K6xxVgYns3I
k9VUh7X8hz4
k_BFIs6AoKE
Kf6Xy2z7nhE
khjbpmKYR4c
KIXYjBd7jLU
Kjeny01bDNw
KkqzZoO3kUs
klhOJ6Gkaq8
KOLy1735JcE
Kqdovc2xJNI
kr_4zBuZnLc
-ktiUIzrigo
L0NKwD2ti00
l1V7KiLpHM0
l2fLPbVpxvI
L8SaelmwAy8
-lBxSRXEXKo
LCL11YYGNhM
lesrSjok6jc
LHURqhoaLm4
liLud7Xqj3U
ljHtpSxJiUM
lksUNf9PyMU
LnGlzAdVSqA
lOJQ1jUom_8
LP9k_Ls9Q4A
LSq9gLTBQy4
ltIspBjCdZY
lWmxv0uz7k4
m6_DUMqaK2Y
MasTvyb_4ic
mAUAxvFhsow
mbXvSK0ajww
MBZBax3YNPA
mejULgdHx2E
mEKnYgNuDMU
mH8J1gE9eOM
mIR2mAQ2Z-o
mIyXgsiSHHE
mJsxDwz67Sw
mOJI-GblkTI
mrvXrjplpNQ
msZAoDdLWB0
MtADHIDTbZI
mtk0BuY5wC0
mVHevLNRDwM
n_0980fTW5U
__N1tG7And4
n2pMAIHVzL8
n6NQbqhDs0A
N94eHM5C1CY
nbz-1HdUp5Y
_Nd2WyAoNIU
NfvU87djfs4
_NfzSOaiOJk
NjRql76Tn2U
-nKOjyTznCA
NnJjmZKPXDs
Nszrx5Wq2m4
nvSWrv1rO7k
nzC1I6A5b5g
nZf1VWs75QE
ob-gba7hrp8
oCwiKLvj0Dk
OdLejCuHtJw
Oiv8A0OoSnY
OMlBIBYuADk
OQkPii2yMRA
OqWutjW6dtU
OseexdCS0rw
OTAIS6qYfrA
OudFHYGinTU
oZvetOcDy8U
p1h88vC4Nrw
p4R724AQFKQ
p94hUWU_J9M
pccO5Yekp48
PFXpU5LLHtA
piiTBynEZas
pkVGCjZ2Lr8
pl8Qi-L0EqA
PlScDYlitrc
PrlNYA3uccs
pu4wEoOYsjk
pwO5GzB2gwA
pY4gZjRqBpA
pzFpiC62ZbA
PZkdh7aw1Gw
q1A37mFZSc8
Q5CZLQhPe30
Q6xBru6FrTQ
_qacenQULyA
QAGW_C6rUN0
qddSHrbC-Xc
qEXn_hNQwN4
qfzS-iNkQP4
Ql3RIfJq9l8
-QLZk1dMPXI
Qn9wWhx-Q7Q
qoI-XmZi05E
qpMcBM9ctRE
QsKGkpvXI5g
qT0XaytfjqM
qtxIv0spWmU
QuTXSjpA6Tg
qvGhr0bvPGw
qXnuF06XhUA
QXWpfJwhVgM
qZh0uHf8L4A
qzVlnUXP6hE
R81ckNeApzg
r8jYSHecb5E
rcERZgiU5q4
riyOeiOx2pw
rmMbqecow5E
rNEmi48teDE
RNr1VKK0d68
RQrdFeCpR8w
rtMPSTPVfA0
rTT6sKhamlw
rvshmHxWOVg
rwymZ0Utz70
R-xA6XBI6W8
rXWVnil6baw
rypRU_6BSfs
Ryt9kvV5ULY
s5YpqXEzOps
S6l3ud933WE
sBfIpT6LnxE
scUZeN92Pf8
sfhnAh9ksII
sGzMstjIUHM
S_JGbTfa8oY
SkTgovpFE1Y
Spsrd-gQ8-I
SQ1kfoeN_8w
SV3RJR6pFrU
sWdA8MNdMV0
T32HkWlm2zo
t3YtcUal4H0
T5a6k-wq6eM
T7qvlIDW6Rs
TAZxkl1z2AA
tEK591TGTzM
thxirp6n-H4
tHXuvCwlBGE
TJdi_qIc6N4
Tl3kulxChpk
TNYGzk2EcDo
TOO6QxjlPtI
Tr1OOHjHeE4
trx6RmnXue0
TyXxv0OCFCY
U30nLrROa_Y
-U8Sfajy1vw
uC9T0CU6PPM
UD2UuZmL3v0
uIlC6GV35Nc
UL-JF0sRGKQ
ULTu77DSMKo
UmwvxRP6veA
uP0bD-ZqOZE
UssuVAUoV54
UWYIee0qi7I
Uxy_DLzNfNk
V1LucWR-KZA
v2SDQsxctDM
V5FdgC1mtXs
VaJ3qsaw5sY
vBanrllVVcg
vdcYqIlvSs4
vDPBjb-YQ1w
VG4UmuLwTiI
VjGIOzMJhkE
vl0l9eJ_tPI
Vn7NePIzxf8
vnQ7p-EHiik
VQE45vzCHn0
Vvj5EHMsbLM
Vw6cjIZxilk
vZkL9IQScew
w1UWTLDIC8E
W8ZTG0uVSuM
WkkQBCX93Bc
wpeJ8kpw7uc
wqiNeSa-AAw
wRb0HHSAYJ4
WyaXNKgEt4E
x43vXTjVBno
XbFkWHCrGdU
xcoBOhGv8rw
XIMG3yB7w6k
Xkg2Ipfet8Y
Xl-O_ZgTWvk
xNGs-G9qZAM
xo-jGx0HzUo
xRMp2b-L0ls
-Xu95LnmHyw
xYJJxyCWoko
Y1GPO7DwxBM
Y9DTawoFV0Q
y9ulFL6kzBQ
yaBogJGha0Q
ydjS_I_RHg0
yfJEM2-0uFE
YgWn94eWbu4
yh5OtgqWcWg
yiSTDEImZzo
yJKrEeBaAAc
yjzNxHOe3Vg
ykjrDN00Sao
Y_KvsbX7luQ
Yq8-47w7pXM
yQpHr7v2RMY
YQWx0_1arng
yWVM0A79zEM
yWX8oknzEWA
yxeKKWr_Mcg
YxjxFsUcT34
Y_xrxJbRgtQ
yxTlZs_4tCg
zDwFCag_DQs
zfIPVtVIrPQ
zGNfG2RXle0
zHiDNSTilQU
Zif7wYLLWlM
ZJnmjKU74cI
ZlMpwrXqZJ4
zpZuzD0hokI
zr6EEExGEDw
zUGoY6gSQBs
Z-yVPqxjxGE
