00EFDWye4aU
03ZtAM0T8Yo
06Voz4B3CYU
07cG4YQTtmk
09JYF5JC3TY
09qCyaehN08
09WoB2bGcLQ
0Ak28Lvmk0w
0fkkxksQWl0
0fSp13HdMTw
0fTNPi9YQ8Q
0KqOZvdQwWU
0k_uUfN1bW0
0l03XEHtZsI
0LxdmScQCCs
0N7wO8VgKgY
0opQ0yCjst8
0P4wkG3nLYk
0SsIQIb7Kh4
0tB9tJX-zDk
0W-VqSHRJ3I
0z1KDDR_m1I
11oSawpZgAM
18luOYh-25E
1AltsKWgKg4
1bmYqD6ddvo
1DWq4EBSowM
1EAet1iLvrM
1fA4tMoScGk
1fG3ellnKeI
1iFGEXTuqT8
1-J3EqnABuo
1lrtTZcBhv0
1pGVyZkkXSk
1RC7-GGPBeI
1T-zDNfYzsI
-1XzEMACvLM
1ZZ5YyWC40M
23qlntPE7GQ
24xaOcYHGcE
25KrgIDHom0
2BCnNjCPm_Y
2buNwC6LpVA
2cVBZb9D--8
2iMMtayjPus
2JXCTQHnBFg
2oG2kr1T5gA
2tFIDxSt1_I
2TzCEsfDKws
2vlSF-dE-pg
2W4V3lfYnLE
2Xc-Fv3WyR0
2ZZ8oRiua2g
30HMdwrPI6Y
31mi5Yhzozk
34RgSgy8-Mk
3794a15gFJw
3FVE6qxkHtE
3fw8yNaqK-Y
3HLxjg7Oy2M
3Jzo4bzHjWQ
3K-GJpTw2yw
3KIdUi7l3AE
3LTzr2deSn0
3rNzqT3ifkU
3StEnaKRDqU
3YKVvwnESNA
4JVsqYDnbT0
4Mq8GmClETI
4Qa5Pd2Z4Fw
4ToawDAfirc
4uG1NwquDVI
4UvR5akKclo
4_XBX_4MgKk
4xMDdv4NG1k
4zNYI6PpaWI
51o3kRBytFg
523kwtykv6U
537Y4WHznlk
5ASijUe_RhA
5crpckhX8PU
5eCm1cmVzqo
5eXCIajbeOk
5f6tU1YYRhw
5HLyGHhCU1k
5iXz66LmZys
5lPliML9uMc
5O3NlQY4Btk
5PIGO5eeXxg
5R9e3Kf3kv0
5uD-ZtSiQPo
5uRyI-KgQk0
5y1h8wgsNw0
5y_lk3wvrsE
62Ui5hc1q74
64Idb5Rk06Y
66wuMfVlXDQ
6ahFFLrTXJs
6DdeS8BEylc
6dfhIPOw3xY
6dTYkgPqEGk
6eAJAVH5p3M
6hHEnUuEOF4
6HlFyKaFIDU
6L8GMsbLK4c
6N4WFhik1xI
6nMsQTZ8jng
6RcumtrIX_Q
6s6eJvcp5jM
6sDBcO1V4K4
6SSIj3olKa0
6TpnDyQwtfA
6y8TUu_1nJk
6ZVcJFlsKDg
6zWqEofbqaA
71a17qy9R1Q
7cMKTFc6J8M
7CodLfbLGWE
7MoGJ3WDPyQ
7nRo-Z1ULCU
7p39YIHaF-Q
7sIJbGX3gHg
7uP9UU65uPk
7uxpIpb-L4Y
7XpMgMeMMPs
8AVrhjWvZzg
8AzML3XJqBE
8eyfJW1XAZk
8gN3q9PGfcU
8I1CPOviT5M
8JTZaDSqgaA
8JWnMsuwbaA
8RfBaEYXqoU
8RKl3tXjBbc
8Td6m0ywBV4
8TiKBeXX3wY
8Ug-HYlhxOw
90cuY77VciA
93Fd0XGwkYY
96o5gDsnrH4
989KDpJqLMc
9GGXP179oj8
9HdmUyqZRFc
9hGX0b1oWrY
9IWFQQgbQjI
9jS5CkNNKzU
9K800XO7rT8
9LQ2FQv6qU8
9NoNEshZpr4
9O1vxkxUdtU
9PZIRfELCDU
9sZJS6rBPpI
9_V_CvFBp2I
9vKGeDH8SxI
9VyF0AqkHRQ
a01z9e4xmfs
A6ujFYkPMOc
a8gpLbaO1d0
A9pCSlYXLQY
AAUxl9PPCZg
acde3FzlF8o
aCGQ4OrWspc
aCihNlkqaTA
AFeM8g8Z1wU
aHWkviQLpp8
A_IAWNvtZjw
AjM0fQz9ApQ
am33C_5JyGs
amUO2daRRmY
amwyKvOWOaQ
AOQPYDZeYPc
aQ8URx-MWhQ
AQ_dBE-7UfA
AQG-A7-N18s
AQxhGFgLJgA
AtC5Z5JDy5E
axLGbrd2wCc
ay0qn9js1Fc
_azNuQbYGGc
b11MGGysLrU
b3fxV95FCgU
B67QBUcSXDM
b6BgzJIVY74
B6UypNY2X2w
b9V2pHIOu4g
b9Z2VuYS99g
BBDH6Dy-AYs
bBOMYmqsjXQ
_bDSih1kRG4
bEajG0900Bk
Be-LlVq7lp0
beqU34GxKl8
BfAjl248t6Y
BhBNL4BQT-k
bhpAViLBlAM
BMHj3s-FKSY
BMpQx2SdbHg
BMw1mU6KUe8
bOHYoNUSiTU
BO-iCXPAH-s
bOIuz_qY_S8
borbWRaz-90
bpY5qLtZJXs
bT1-8Cf_OU4
BtfZkcrrXhQ
BWqAtI92j4o
bwvSLJbIKCk
BXcpXLIh06U
BXHe-bGdwFs
BXIWVzkARoM
BYtF7ghekZo
bz43pXk0pkg
bzctFAiSZDA
bZDRxxjJa9I
Bzov4REkIDQ
BzV0Ua8p1Ec
C0k9e2Ku56E
C3gHMimdrmc
c3l74_BI6pA
C5DkGBBS-zM
C662nn7XaJw
c6E-aG5N8iE
C7yrGl2fRh0
C9ccboS43GQ
Ca6tFBDjLYA
CcVJT2sTrZ8
_CEC1v-NH8E
Cesrpq2FB5Y
CfzEdwgmRmM
CgD7Sd1EdSI
cGFF3Q83eng
CgQt8HRiMyU
CHUFucaSSRw
cI8JUkJ8xJM
c-JFgLPIjMU
Clcbl2CwBVg
cmCqGSu7qB4
CoamfdWi2vA
COpoZNWxX3o
cpbATei0x0g
CqTcNfsI_Uo
CRsQqg5klt4
c_t5DfRsZhY
cUfGq7Iytv0
CuRlDRhGyXw
CvJeKD2YVDU
cvKdMci01pU
cvkK_yVhcio
cWYxdWBXKtE
cx02uGjp58k
CZqf-hNBTE8
d0NMG7RQPt4
D35SW7qnbnQ
D3922x47QQI
d4MTLDKROG4
d5_na_msOVw
D6ywVMiSpso
d9XLOer1xR4
DacZB055t_8
DAff-oU3RCQ
DAkinZTFWbQ
dbLFUQyeFVk
DC_28aOIgcw
dE-a1zj20O0
dEA5LKQ3w2o
dGN5RWfAvPE
dHdpO7qu0Y0
d_Jcu1Ll6ew
djyphPF_rHc
dksmOd3pN4Y
dL_a1RGwTtw
Dnf9T4XMWb0
dqmZ4ob_OK4
DsEgiYLWU-I
dSLN7r0MJIs
dsoBWnEcFxc
duMNkayP9v8
duU5UN-RbFY
Dv6uesK_NcY
DVV8SpJOHUk
DyCzSnJFiT8
DYeza8gNDfU
_dYhxR-5Rmk
Dyk92-gvEYM
dyOX__YeYiQ
Dza53Dw8P9U
e0E0aieqnmw
E0fwi6qpAOg
E0tXJv8tEYI
E2a9lM77i0w
e7Jucy7sH7g
e8aIQ37xzJQ
e91aqMEhuPY
EarSOuqf0_0
EcQPDn2MHqU
ECtI-wjqbB0
EdEIlHtLFSU
eDimYun9nFA
EDZkLAJte4Q
EEmBa49GkN0
eGB9hiCz2SI
eHQd7Em8waM
EHU6xUTN9rA
EiiFHkmNpK0
EiRuzLUMoz4
ejomWOgkRFU
EMdbE03Rwqw
EPk-h5ayNSA
eSx8Ubq4Ja8
et_6GDeEthI
ETqCitNXw64
etWUVhMA-Jg
euH1OgunIJ0
EUnkkwBMp1k
ewAMW6eqRO4
eZERS1eIe7A
EzuOyy6tjI8
F21Seq0mPdc
f3cZViA1VYA
F41h91u4PWQ
f50KbEYkKZ4
F6-x_00lsPw
F9-8MpIHnl4
faaaBuoTERQ
FaaAxw66Wn8
FBK-kj5qy-g
FDmCnNxFIGA
FemvXzlBNJ8
FK0G4KnVU0k
fk5SAw1Hffs
FnlwrzpfPF0
FnlYJZ-7a9Q
fnSkLaR2rrg
fPKcxykxedU
fQNs3PKNYzI
frKGPr0Z4uw
-fRsWrOFOJw
fsqaBheuEbE
FsSB0hQUP58
FUExAqDB-qI
Fvjc-6c7Qf8
FVka7bV3Coo
Fw4Su57cyvE
fWOkekXqeck
Fx_Giqa1r7w
g2fARdSw-lE
g2o58K-9tAw
g2ZE76fDHT4
g5WyJLfhtEc
G7dR0P-T5hY
g8IQe9Kildc
gByvlQAsqpo
gCbPvcSXTpw
gdU2K_j0rcg
GF9ZPlHhZ_A
gfUVDQY7Q1A
GgC9nnOAY04
gHjwu6xvwd0
gig598KOsME
gISpFE1oNl0
g_MnEYi4C-Y
GO2rOmgmzSE
gODYNOZXDvI
GOlqeIOQLYc
gOyRcKjP4HY
GQ5oyfq2bGo
Gq7BOTf7YQE
grpC1AIdfJw
gtWcYCKrXWE
GVdGtCIqTas
gvh_06jt1NY
Gw04ho5vXCQ
GWNdE-jTZ8A
GxLm_wgTl6g
GXRP8WtLaEA
gyLXuCRuZK4
H12tvzghNEk
H1xazinNWV0
h-1Y0T1IPdE
H5w2kM_QpAo
hALswgjW4uk
HCaq3lTQ_h8
hd2bjw8NYjA
HDK9tlNKmCk
hFfQ2k3gm5M
H-fWEyE4DiQ
hgebx7csbo0
hgt83rJLQ5g
hguwcy_zLc4
hInX-Ynw3aI
hiruKfquUOs
hjlZYBhEkSc
hKD5ITqU-xI
HlZwzOWJYrY
hnCQ7LpC_Wk
hNqfLcxnjhw
HOvrLKcr7ns
hqB6m1xj2Jw
hs3vDTjIcjQ
Ht0YzgzJAHc
HtsAMl59cYs
HUC86OupJA8
HvDEhcklHhU
HVZcq7edsHU
hwI3MwdtLhI
Hx2YYAkDkro
HxjDnfEJ-ow
HxRGJzpd5dE
Hykc6_YNWq4
_hz52Rac0uA
I0lUo_JLhYM
I1_TTvj9uRI
i1z41bR3Law
iB1_GVGw9pM
Ie4b93-pAP0
iGh4h1YenSo
IgvDssPeAh8
ihHwBnOuuQw
IhZlGV3U4zc
iIMFY_i_tOI
IkBYk7h6_lc
IKVopXzl7H8
il9KV1PrQRI
imIipJfoDbM
-ItiDVoULb0
itTxaGAdzrc
_iUfR5d6oc8
iUQUz9QhkjI
iVNM0gi2AgM
ivtg4_pVIWU
IwfeoSVwMUk
iwJVYzylmk0
IxXvgWawsnw
IYxN4YV5uXM
j28huRyyoKc
J3r-x41GSiE
J4nqOWe1G_8
J5F5usRXOeQ
J5w_Mi7Jc34
j6yIN9A-Cmo
J7rCXvqLYBg
j7Tl3uKJZGI
J7XoV2t6HOE
j91GBKypFzY
j-b9ryDw3u0
JDLen4ZGaPg
JdxR3JRVR6Q
JERDc-LEKCU
JiJz1fNm_H8
jK0Cd7sQd1k
jki9uHaWHxA
jkJcU3SsdVU
JKPpFv9tUNY
jlNuHvnt7ek
jM0m3lVxq7k
jnh-Oa_sJgc
jPPMtW_4SDo
jrHoyKQcRUg
JrIVBSixnyM
Js1duVNwsko
jSi20mimQhk
JVAtq6_-t_A
JVci5FWw5bM
Jvg8qvwUPfg
jwJY2HetDu8
jwOUfJ1A9n0
J-xEm3o8jos
Jxmn03rRysQ
Jz_4tXOD2wE
k36Nlji6jTM
K4Rmmqi7fNM
k5YsOwlKMsI
k7Pz0OF4CO0
k9vWP0sN0IQ
KBVdQ5Ir8QI
kd1osIt_bX4
kgOcSYxnji4
Kh2M7FGbung
kHI5DCoXPyk
kj8vyWEaah0
KLy_ItG_3XA
kMpPbxEBpw0
KorjaTJB1Hc
krj53WisTTM
kuXzs32Ahu0
kW48udWIqvs
KWouTZatPjg
kXo8_nVR5D8
kZE6ZQ_SRu8
KZwOfQtjLXQ
kzXLA3hkge8
l0dEnHsooN4
L1hTz-YQaMU
L3cNae26waA
L3drqDFqA8U
l6858Bzi3aY
L9ajp2TvCK8
l9rYeP-_hbc
laJMnOPdP4Q
LaKnEUlq7Ps
lbuuU4bQRXQ
LCEibEORpyc
LDyb4d-S1I8
leeCdnvyYUo
Lf8v9zitYpo
lHMSx7HQQm8
LHOh9sbenx4
lJiKmf_QwQc
LjstLBVOK-c
LlKpdU2Ehe4
lluxe41JRLY
LMAHZ4mwOhw
lMphNdfQX9Q
Lpa8TiisbFI
lpbLpJRPw-8
LpQOk-P6Uoo
Lr-II860914
LWtp6RjAcRY
LxlSI_8Pods
LyAUUtt59Lg
M1C1CeExmi8
M2NGUKPMlVA
M58yCTl21Do
m5eb9TNcaqw
malJUePLqkA
mbNrCTOrm9A
md7ERH8hqJM
mdPfW-AxcJI
MdsMhF4Q844
ME0g_6ZbEog
M_elDjBM-ew
mhVZg5Hjkas
mLCQFaSv9Pg
mmnCjmMep2s
MNhp9gy3eng
MoKXkXMKETk
Mq06kBUnmgQ
mQmaoB7f5rY
MUG8pndNG6U
MU_QFE7Zsyc
mUVQjvUZFdo
Mw1_fUQMNic
-mWdiOEK5Zc
MZCXu29E1fU
N72fFDie2N0
N9udJUc4c08
n9ufluMtcPo
NA67Erj9F-Q
nA-ZUCZCAXg
NB4sYyALJj8
NDQGD3_KpRI
neU_q3tyO_k
ng_nNKSesik
NgRPgpOLMNc
nH8Bj0wLgO4
nHLWAxA0l3M
nIdNxwhfo-Y
n-iQ2Y307So
njx3sogvoME
NksulP7VyLE
Nlb5EMmWOSM
-nlHucpfwhY
NmIbUHvtdWM
NmijYI1A2pY
_NM_r5_J4QQ
NOamckLl6MI
NOdiZCyyuNg
N-P48JxvaFw
nqFUKoj1Ieo
nQK54j03_Ao
nRuMrE91ves
_nRzu_lPbns
nSDkh-P8WqA
nSR1ufNMy_Q
NTLLMziih80
nURz_bc6bTM
NvUTSIlTrZw
NWQGNxt0mEQ
nyZFIWbJWk0
nz3czIStHRA
NZt_U3zuU-w
O1WFP7XzqcI
o2-s7j3Hx-8
o6fXID5MueM
O6LTxN1LgnI
o71EZK5VzlA
O7IKBpQN-kY
o7SLWZsKzMo
o97w3hn96f0
oaxF8a7DPDU
oc3JSPlrHpg
OG0LucIGZFE
ogAfYtYD-zE
OJ4jxayRz8c
OkMlAWDCmBo
oLDoN0vUKQg
OodWWOjvdKs
oOg4jrlvdps
OOolyIKpwTo
orC7VtwKXaQ
OrCiTfvhpkA
orzmidFjmMg
Ot58UBwPfEY
-oTlev3zChM
OuRzIF_s6sA
ovaaouQETDI
ovkqojfPAlo
OvoRiUgxagY
ow5ndZL9FvI
owZ8H0C1Si0
oXPTXyhVRMA
oydDro_xZFE
OYl0ni7GR3w
oZRVEJE4KFU
p0B-lb3wOKw
p2qCZZ2kQ64
p4WMWSrJ49U
P5P1P9AdOFY
p88CUJDXVxE
P8RPL9LAmrQ
PAPrYBRlq1Y
PBFEZzc0ymM
pBpUhSFCLMc
pc7Ll74pUS0
pEwPOGCZmUw
Pf7MhhUpolQ
PfOKTIiBWws
pIlapBDGtzw
PjcKQWgLq5s
PKp-rLJdcf8
PKrkZFgPQSU
pl58csDIudM
PL6o3GNtaoI
pm3YlRZK76w
pmz7kRX-ypU
pNA96o8A6dU
PNEx3nUhRjE
pOgorvUFjLA
psr8ip7hPc4
psSvEe4P_tM
pT2MRCO0lQg
pUd8EjnoRDE
puMO00wzENM
PUQ6Vj93uJ0
pwLCSGxk30Y
-pWnejbnvm4
PXlotEWgPxU
pYPNxRu2wMY
PyUYB4opVOA
PzcL3Gjvxcg
q0smpRttwIo
Q1HAwGwI-ZE
Q3FvpKzJ_MU
q5CffXSzjyc
Q5Mx5qnIVck
q7Hi2i4Uu2A
q84Zt8HvRBg
q9oCGrXlQ-g
QbG5nhtlw8s
QBGeOh98htY
QbuowjpRy7g
qBybIXunHtM
QcJc8p25ucQ
-QdAQ-g3Izc
qEGl5ZJa0B8
qfOybYyzAMM
qGzl7HZu5F4
qhwjxZNt4F4
QiUeluiMmpk
qkj2OrI75EM
q_KoKrH2QvE
qL0W5iw_2ts
QmceuuQZHp4
Qoy1vDi3xio
Qq3biS5nYI8
QRz7TYTe4pU
qTWuyDX0nCc
Q_uNFvPEG84
qUZ8Pb9WVNU
qVH-0BieVgk
QvhOp37OwNE
QWi65E5cvsg
QwpZPm3uAok
Qx6M_ysgzBM
QXG6cMQAmco
qyfEVzfYhOU
qyJ-hnMlL7U
r0qZNzNwd6M
r5SsEUZCNLA
r8iGFm_U8jo
R8UoUPEE6jI
R8XiJOmS3jc
r9fE1_ZSOSk
R9w1tnhz3zk
RaXdnYO1VFs
rbuuGdhHRW8
RC320o_O5go
RF1gkBvOHeI
RfmmkgCz_jM
RGo_XuiC-OI
-rGP5krJAfQ
rH7X4Kwx8sQ
R-iS7uJ-y74
rIWsdGlB1QI
rJNHMLTiDx4
rKpCsY1F25I
Rm_5OlYFMjM
RmENNKYDRvo
RmQrbmwiwrY
RNCiyMo7RTE
_R-NuHkB2e0
RoGkrkteHHs
Romk2sjt1n4
rQFZGUHiASg
rtN8WMzCDws
rV0TwO_OhMM
rwHmSrmjg6s
rwIQIvNw30U
rX1w_2AVeWs
RycfaQhXmFI
rz_i5S-RdzU
S0n7cTz4kjs
s0YDe5-R7Cs
s0ZNLEvItUc
S22riGv3VEI
s2dNosjvHu4
s2vqYTbrn-U
s3dW9hnCuck
s3rGBjjsYt4
s3ZnkPm1iMs
s-4MXzEQ-Hc
S7e9nM-qVCQ
s7rcoABx_Ms
SAatvLD8SuI
sAgJEVhtWOg
sbBsMmZ6NiA
sEQhj4sd8JU
sFkwWdsI8Yc
SHDCdLSjBQ0
shJZw_94htE
SINq-4QqNGI
Six5acJs5xQ
SmGJNXy6xrc
s-ovBMuXji8
SqMaBHCS9-M
SQOBYhn3RJI
sqOkQheOCV4
SS0xKS8wg-4
ssGyXEme_kI
SSy88bjJ474
s_TZ9eaRkrA
_sUb9yOJUIM
S_UEB7uxNSg
suGrDn4bsNA
Sv6hZqYEnVM
SVBkQQC2sCg
sWjPv8BDUSs
sWvYn87ib4M
SXsS2kKsnwk
sXzNwRTo5rk
S_zElxkceqo
t13URc-RcGY
T1-i2YXzoHQ
T1PQJauKPmA
t1_S_RVsNGo
T2hNr3jGFxU
t2kZSHGDQWU
-T3twRyNdMM
t7yX00UN6eU
TDplOiWHcRI
tesejAnyU8c
tg9HkSX6W-g
TgtEPcUvCfg
tHeFvH6Nj08
TK5CTyMvF4I
T-L_u8E_O1c
TmKVFd5BZ2I
tnkqjUbEeEI
toJfuwcKpN0
Tq4vekN8iX0
tWT9AE_t1G0
TX6XoxWj_YE
tZIB7azGTxw
tZInezDauBk
tzzfHo671uE
U3zGji2o5iE
U7zf8wNdFps
U9JEqOzCq7w
ua-3rfsPJ20
-uAB5aksrcY
Uad5sPz_pz4
ucE9KHmY7tM
Ue6zdGwFOqg
uEOKezSu8RI
ufIz8cB5cGk
uGJXZpNBt54
UgoRYasljdg
uHEQawogj0A
UhVEFBfUnlY
Uj5axbtlkDw
UJ9OOvW8vfY
ujPgOXkqhL8
UkBfA2A4mWw
ulxubhGmsgU
UnL4ikZ94J4
UoaZCSZVCKA
UpKz4gu7zCs
uRK_6b5NnEk
uS96o-5omns
usjoevLJ98A
usS5wEi__0Q
utM7gd1vm2A
UWklNrT90ak
uWxc8vU8joA
uX-pkHhrV2w
uZE-pibjZRY
UzrtE5368LI
v0qyyvhB9ok
V23eKOFVRuU
V2AsssdBOyo
v4S20kN3f9o
v8a6DysQPiA
v8VKJs733gI
VBgtSyTuag0
VBH4lDLSfDE
vcJvy1iLFeA
Ve4c2hs3Gkg
vEtqghOBmXM
vFlXeXG2V5Q
VGviarYRyyY
vhheOoLg2ws
-Vkri2ZwgFc
vMadm3d9JHk
vmYKnRHxtr8
VmYToJeDHyI
VN1biSPLqfA
VNqcYRaix1Y
vPh0o-naIRo
vQPk8NbW8k4
vsGQNrykaTE
vtFqVIhAyvk
VvKExJW7nqQ
VVvzuQ9me3k
VX5CYT0skmk
vxuqT2yhfcM
vyRwgD83_T4
vzkXCyki058
w3IMYwM-YQY
W5vyhvweBbQ
W6GZGkTkSEg
_W9WyYgIbb0
waF60zEuhzI
WAGIvKv0bnE
waJLCIQQCsc
waPXG-aLxnU
WAy0CTCO4JQ
wB3hW5b_5i0
wCFN2GdNfqI
wCFxeN1XYpM
WCvmrGwaP2U
wDczNDsDAAE
WD-v3aAxRDo
wdvlEQa7fVg
wfZ_VQTF7Dk
wHnPuqk-Uno
wIr9JP-0jys
WIWRROKQr4s
wjD4z3wSA2A
WLA2SD7yJ_U
WLJlMyEg16o
wMPjKQ6bohk
WMQx5wve3Bs
wm-T3GJ12ig
Wp8fiyB9B0o
WRTEQhhD6D4
WsNhA0_1ELM
WsXby13H0aI
WTNfUI_rrDo
wtZXFP7ep8Q
wU7xWMRW0Kw
wVNsiVMCBns
wVW5HObxU7c
WZtNCJWnDoA
X1bZ-sVtRhw
X20nLXO4DMQ
X4At3EhBC4k
x5l6M1hoqaU
X7gP3Q6YH8g
X9Anv367yH4
X9M6OHFZwy4
XAhYy_wX8XM
xAMMdQQHrDc
xciCW4uJP0g
xCRcg-m6H10
XCvMml63Vb4
XdJgUY9PFs8
xe6QA-RFpo8
xfnVg3mdbMs
XfpZk34Su-g
xfz9QYbWV90
xh5fqNYY0Ac
XIRcCYRhTM4
_xjjE_eO5rQ
_xKanuYt0aE
xleChFyOgmE
xmXUGjAyM8w
xnEt72bhJaI
xNH1pxc4a-Q
xn_OJA7LEq4
XNX0evCnJlI
xOUnsOMw1Sg
xP-NVyflgkc
XroRzX-ItLU
xRXLaVyLZ_8
xUFse1GVNJs
xUI5Od8-mz8
xV6IP1BHE3U
xwCt3KOEggs
Y3zOE4EW64g
y64g89npI8M
Y7nzITRlcr4
Y9dKjf_IvuU
YbnC1UXNC1s
YbwjiZ8ZB9w
yC2DLpZesF0
YCH_KpMLRUE
YchYfCW0IX4
yCodWclmkL4
YDPX1WD4iWY
yEeJTqbNx74
yFiNYc7hIVs
yfKev-dRfW4
yhOPMkvFEpM
-yj4U7ZxMdQ
Yk_Ul0o33jI
yLKeO1SOJF0
yMZFNltXXaY
ynmbPwGlVSc
YRIzMOd_YEY
yRviAJSbWyY
Ytc0imt-h5I
yUCG-ZjPpUY
yuP5aNivLwo
yvPLyrcEGVw
YwaQj_SGddg
yWF9ArYB8sA
yXWPML2a2HU
yyoJsfcTn_Y
y-zilcaIxLY
_YZNE2U913E
yZoqtZccmYM
z5HyTtZ1rWc
Z7sL7Pcve2s
z8GCzKnFC-E
zAa-ZL2T8z8
zefCi8DYgys
zEmnN6d5jzI
ZERw2Fg5mMk
ZFpepC7FCEs
ZHjSxH2f7V4
Zi-qROt0bsU
ZjxJBgQDq60
zkK2yX4Lpl0
zMa9LYnam1g
ZMA_kpE9hSg
ZpBy3ICHSeo
ZPSq12x9eF8
zr1fx-1_A4o
Z-RE4GStO2k
ZROys9jiED8
ZRSmluRNFFE
zsTze01jPFc
ZVC9i3PwX8U
ZvXYy2jvXqc
Zw-ebuOn0hM
zWFqOzg1Q0c
Zwyul5x3Fwc
zxhmCVuepj8
ZYea-ANbtj8
Zyq6ul-H3ck
