0_9yDj3anzI
0gxBr7_H5zE
0HyL0bBVfBw
0mvH27YwKGc
0qCoAZJKge4
0-ZjsIOyk1M
28acxR7mEzo
2aefA2GPL3U
2Al_GWo9Mjk
2T2QfuIaYlo
2tB56kkrbFU
32mlpxRU5bM
37PzdehAEh8
38RBu1jmCqs
3GsNfYTWH4M
3u18Y19HIy4
3_vLLBD8r9s
3vqteGdG53g
4gcHXsCHvIY
4N3tHc7RNqU
4qMDr_Wj8ts
4xDfMYNA73o
55Ul_qQ_dQY
5gCeWflvoyY
5GO6GyGtp_I
5vPBP5o5COI
5WXDh0U6D4Q
64MlyLNUl9M
6AEPUHcpyl4
6hvUtRUvB_c
7ieAJTXzGYY
7ky0D6C6YOo
7lTJt6-XODc
8CTnB0npC2w
8i20kG8an6g
8iRMOVzLLyM
8MqDGekeFjw
8Ogp4QkqqnA
8Rw0hpd4fts
99RpGkeinGg
9A6l1n6LLq4
9naolZDjjkQ
9nCxJ2cqsHY
9zTRYAJdnV4
a3LTxptgBac
A9i0Zqn3iyk
agEB7cCxeSE
akw6oVtO16Y
BaKqM9uQIeU
bbMqU5TjpA4
BEVF476WMLk
BJaEL5a93nI
bmtYPfg5iS8
BoomjvJxd54
BPI7C9y096o
BQ62x0js6bc
Budc-loYRx8
buG5Blt5x8w
bUMBgvRre1o
bVtIs6HpUtk
C2PkQIi0Nas
c4hdqssBxFY
C5WgPgLZ8AE
C7Gddng-hbQ
C9lb4N7TsvU
CB0oRHPoB-4
CFU8XKK-dH4
cL2DtBosElo
CqHLKJL3CVQ
crsqCkHj3eA
CVpmRmP0O6s
d1GbTKvLPSA
D-2OT2KZAIs
d4VG9TRafRQ
dA3EFIZm_N0
dhOdJJf-f-s
doHPAQnBWWE
dqmBGYXyLO8
dQSGF7W7WGA
DrbhDm72C0o
DURS67As9Pk
dy5-qd3AnEY
dy6H8IXBwRw
e1HJz8e2cbM
E4zJp1-RKmA
E7yoTnYknJM
ECNHoOEYFdA
eERbWfrGKZE
E-I2wKdFkTA
EJuV2k84Cv8
evEYaR1j28U
F0KlnImOPsc
_F8Q3Cvd_xA
FfjFjDen73E
FGKxu1XfUIs
fMw_pizexLk
FmY_FWPgYBs
fq2WLgabqY8
FtuVB1hAQrg
fU1ESYkk-S8
fV77TYkU5VQ
fw0HVGTSyp8
G1OGviP-s4Q
G4Jm0pQXGNI
g_FxcoaYvx8
GirQOGcfNYY
Gnr6yMeZcBA
GQYowFW_5iA
gRKCpA0eGDg
gU55punNXgI
gv90vKa70NQ
GvePMUfz2Bk
gVwoJuEAs5Q
gW6qFVxgDew
gWKnI21YC8U
gyu3-gYzXZI
HIJS1S8_si8
Hj4-POb0MUY
hj8GgHwpCHY
hjyrSoi3qZY
hKxLiWn73TM
hLMst0rpmyo
HMXSeOU7a4o
hnv3c8uuDOI
I0-XCSysWd8
I_1PCGelH_0
I9byH_-ztXg
J2Wg52M0kts
JA93k9L2yVg
jAOJZdU1Anc
jMF1a3nq7MM
JQgqNCIn0p4
ju5VomKxsEo
JzlC_1gtmFk
jzOQa2r4CpQ
k248tsbSqow
K2d3G7lOxXs
K84nTYVb7FE
Ka4iEaIEj14
kJLziu9RoJw
KO1QZI8wLWA
kPQl7PmNQjA
kw9mh0gSpQk
kwkxylwD43I
l1ELwvK6FW0
L70622KBYy0
lBR0xvT0mkE
lc8iU8QSXHE
lmpDXSfgMR8
LPLWSWYjd8Q
lpumG62FXnU
lr4S_eQAh5w
LsCpVZAHxGI
L_u9i_hEllk
M57LY9YI7a4
MAb6VIB5UXQ
mBEaLGrWzHA
mk-4Xk6y8bY
ml4c5YwKVUc
ml9yVUEKPo0
Mwxvy_XGhjo
mx4sWc1Zj-o
ncmM-XcTvQA
ND_gvHzcUM4
nNZ4oDNo9Uo
NT1F9m5VjA8
O13JHRdk-Qo
o6xwNqBJhDQ
oAPyh0QszLo
ofBp7NeL-Es
oKgYdWGohBY
oMbufpnC0fE
OOm-zCLOfQA
oqgDyeiMtok
o_s-ddDRodg
P0DFkH8yvLA
P8n8jRbFSWA
PG0ofVhg1H4
P_Gaw6Szz6M
PGhA5WhatPA
PINFSb9pzqg
pjBwv-qm03c
PMBX5VWXi9M
pN3-zr8exLI
pO-nshNUUIs
py0bDup35XY
Q4m-t5RYXwE
q5Ol6PxzbxM
Qd42ze26QSo
QIrQlpZEBuA
QkS4W2j1J6w
QLxsQdK3NZg
QmauKPDAKe0
qNDrpk4sFPU
QRMderwXjWc
QVHEodMaeEI
qVnkfkWIogw
QWAWV3UmFqI
qYH3Tlj5wSw
QZ04UiHc7KY
RCOFBUQFEl4
RFI9zF7RGZQ
rMQggNh2S1Q
ROj1YGVyXqA
RpcScZgg0Ko
rRFCCy6jtAc
rTtDEllkhqw
RVhtq9eGpHs
s2Mp_Q0gauY
SB7ppimbXDg
sflmcjN6nF4
skJWgvui32U
Smw4scHcWYs
soAxuyTot74
SrGNCkvydnI
sswXm8nJcbk
sXY9-ctI-dA
T2I2ubAjlEw
t6wUYj2PyVc
T8B8eVAGIUk
t8dRoCMwmTY
t9tPDADw91k
tEeWCKVNhD0
tHHXu6CdEFA
TXTfyYYbmB0
U5b44wwQdxc
u5lsco9K6E0
U6hEImNBZjc
uc1JHqXWiMM
UfDDJ8P16H8
UFUJOeWRL6g
UI9rbjkHEdM
uJRN8nuV4Zs
UUHvwrMYNMs
uUNp3pbGBYs
v0p8JmTBkvk
v4hu9tYxmjw
vc-RxvCNy8o
vEIHzGCGF40
VFL5FHKHq_M
vHhcvCj6mJo
VJ9CKDv4ixw
VkzqQLf_qCg
VLcYqG1sEhY
vNnXpaO1otQ
VPYZIpF8CeI
vrBnytxJ764
vxtGCfvZOR4
W0iPZkIgEyg
w8V9M-own10
wdGl_6c8AFE
WiVEYbZFUvM
WjDnDGZuCW0
wnEpUa2r96k
Wqkf_lwN1aI
wygUv9B0jJc
x7kw6SctfGM
x9UkXp82GyM
XKTRiuPgWYQ
XkvbFI9ey9g
xQXblPItbLo
xrrYi8QshS4
_xt3ls9FZRk
xUothild2hI
YEilKGSuVDI
Y-f2x1yl8Ic
YhbnEFv5VOI
ynq7ut-QrKY
YoTbJ9eQP7c
YpQYGohKgB4
Yv_9MvzP0rY
yvXtmY8hapk
YYLQ0I3wgEE
Z1KkfKm9Mlw
z38IgWD0n08
z3MRQpLje3Y
zEZLmtc-tTA
zmYwX9fqCYg
ZNpG4AKLomc
ZP2aTj6qpq8
zsV1h5V2Bn0
Zt2-MFRNS5Y
ZtCFP77P9oE
ZV54XvlTX3E
ZvMEXgCRXw0
zX0xAfOAHUw
