03qPMAVd5ss
07Ew467SFe8
09eNnVrsajw
0LaWBJGfPDg
0N4fW1cfHFw
0ONCgEMSyP4
0Qxp4OtBNyg
0rzPhzqlchU
0XEitD-Ofd8
0yFNrL12xq8
1-5i7vNLMrY
19Y2dvvlk88
1ENEs3oB7-w
1jGMRBe62yQ
1Qy9BOtFLhk
1r4dJJDCVsg
1Trhf36qWik
1u1EfYPGgwM
24iGJ6Mpd18
24o-iNTHz4o
26n4udyurEo
283XsGUV0uc
2aGalN7SWec
-2F2sJUyoGo
2HGj-G3jea4
2IlX-kPd6RU
2KKvJY5wd7k
-2_-KzkKDiA
2QFdA8hvIJw
2rhmZZr-FUM
2TQyv5famo4
2_ww4qXbC7g
2y1fiJziSp0
2YJMtQv_vrU
2yW4aWZ1GAI
38039b9GVEY
3Am7TFyvD4k
3gnhMdS6fwY
3ITF21iiT4k
3k3Rpq2_5hA
3oiuM7weoc4
3Yh4XYP5rVw
417lDTwAY_4
427XSB7g36Q
46tfb0LIqqI
48DcA28kf-o
4b9Tu-lradw
4Bqhb92mUxQ
4D1lwGJKEsw
4DRpecrd7LE
4Dy0Bf6uH1A
4FN09WzKsaI
4IGlaz0QE5M
4j9u-Y6g9BE
4KVnd-xb9sg
4lrIsIk6GAk
4Lsj9lk7DI8
4MtJcKNKyPU
4_-Nixc0Bzw
4sQXUkoLpIY
4t4-c7qeJF4
4VVdfzx-Nj0
4WmGcEaGly8
4xomqX0nTSo
56ZC_jFpfMI
59HlFZXtE80
5Acoyj0pNsw
5Ct2-u22Cow
5fP_e8tFjfE
5ipHeJ-Qsig
5LLgiY4Z-d4
5MTecO3fGqg
5Px4uq25Upw
5qyRPzrRZqQ
5TSm8Tf-rRg
5WIh6PSGcg8
5-yIuFX493w
5zg_6L4VJIs
61kTZQnurzk
66UxA0wDDAc
69d4tdekKQU
6-ap5622UAQ
6AWP3lsYWpE
6cOPmyfBnQI
6d5JNVjSr0g
6e5ysrZm3d4
6fFqst-C_5Q
6j-jxxe0qqY
6mHdEppsoBU
6nm9Vgy7EVg
6_r5AXFNoNU
6Vn9aAtDkqQ
6XSH3Y5zvBA
772vTpqj3uA
78-yBwQ473M
7e_hxtUUhy4
7GElHqiPmNU
7GJ7jFwimfY
7hiGjw6Nr_g
7PgXy9JWbRs
7pltqgwEsPc
7qXchVND1HI
7t80NV9H8A8
7UAwzX2GcKU
80QURKLv2ks
87Wnz-S2Ybo
8b8bQHnn2Nw
8bhciwW36To
8M6vILdpNp8
8NCRt0QIXXM
8qYrYphQArQ
8rl5Tjd5f5U
8RqbSnCT_io
8sv5MHrsBqA
8_udSnJG5Ug
8uxdF5w2Syk
8v9t0cNvuLQ
8yP5g-Bgifk
8zqir8HHUi8
91sC2BAF8WE
93J5UNgEt0E
9AuRKLuV5g4
9BXLGGe9exQ
9cL2vNPtq8c
9DXUgqiQmBE
9JPGO3Scf4g
9KqC9Xw0puU
9nZ3WMprEYc
9nztZQ53dqc
_9Rc5t_nmA8
9sdg-K8vcQM
9tDZW0NEfZI
9wlQ-njvXX4
9WxR5Xwn9sI
9XvZS0tVypE
9yWkTlGucVQ
A1DKTPg5f-8
a2YKbWoCAf4
A7N-IoW86ec
aalYKUmTczY
AaNbe3BFOn8
aBaeCtilDxU
aBIenwT7nYM
Abplb0yYE7A
ACDuuaIdn10
aePCBfy9baA
AF6PNQn2jjE
aFjuDswHTRg
afqE1wN_VLo
aGwKQTaXMFU
aGz5tPZTJ8E
a-hdw1jN4-A
akrhpkcoutQ
ALzceJ-4NfE
amrvw8Okxac
AN4EcdnqVOU
aNRAR9r9DE8
aPHU-Rj2RWs
ApLO13abbcM
AqMS2xg5J4U
aqwnBfVPn6w
Ara1Bhk4GV4
aRaRpMPg_5U
ArHL77EokEk
asKKHOqC3VQ
aSsrLcTOt9A
ATaXdlJLCAM
AvkvbrTay5I
AWM0dzOkUKw
AWs-MMrvvSg
-ax9FB4pkAo
-Ay8YOBFcos
b19lllj9ASQ
B1V78psZ4hc
B5L_CrQdMRs
B6IiywHp1Ys
b7Bd6jpmv_0
b86opWNpe7E
bAeEWgDWJDw
BALaCkHS4NI
bBjY0HPJct4
bBTq7hUGMRI
BDn0nPqlAxA
BE18cyDQ_FY
-beTi3eBxns
bgIlSUpKn5I
bi_eTeeX7f4
bIi8y5JDjzw
BjqwP086adw
bKDGI1IMRlY
BkGuFuh862Q
BlCbAvk3-0k
_BodWGUuhSk
BPqsVpQ4rBk
bQqChKpzTBY
BsERZQxRYWo
BvpBqcp1GbM
BVxe3hlD63s
Bw6UX7ItZTQ
bZmAEMu4wfs
bzpxw8NBUB0
C4dGqBUVxHU
C5b5yD88MHs
c6BoIze1P8M
C6l_cmglkyM
c7FwP4VNQ9k
c7qnzeqbH_s
c9AU00q2gu8
cAQ5E8urx80
c_aUhWb_RzM
cBWOAm0xA2w
cC2n6s1GbME
CDuyjROxrCg
CehVjJgKf6M
Cf7S6yDgMig
c-Gmi5-Ryjw
Ch-j1sZZiwI
cliIPYYRf-k
CmCABk6UUi8
CrfOx3f8n9c
ctbEn5F0ZJc
CVBlSuTt3e0
CveEHsKzl20
CVM9Enw-nXY
Cw3PW6Qeaw8
cw6vHyL767Y
cwAWWzXA2Nk
CxralpoXA7M
-CzKilL3iVI
czV0fLrlvkA
D0kKD8TlJp8
D0nIHlLFBOQ
D1W4ClEolEo
D4iKF29qLmI
d5-mJG2onD4
d6EY5Ydakgo
da6q34XZtbY
dasN-R92TUk
dbdUcB1U6ts
DC92SdrlOVY
DDq3xqfr34M
dGbDJy8QmgI
dhRiMO6ikBs
dJ8MJpD49Us
dKVmNchz2L4
DNB_o5AA1EQ
DnESYAXNz0M
dny4tXyf7UU
dQ2gCPpZrMY
dqWP7jHuA0k
DT5M_-PMOuA
dudA7PsSdHk
dUQWLOo5Y4I
DUTGDG5oayI
d-VufxVNHQE
dWvNjm2f5YY
dxmvlVozIg0
-dy-6ICbwhk
DyAfltK5Vrw
E1aQRxxd9Hk
E1MiTI4WwyQ
E3YWswj31eM
e5682s603CQ
e5o0dXBI8n8
E9Z97wZTC5A
EasERf3zkD8
EBy-G2vOdb4
eCBwQ3VRkPM
ef7WUMts_sA
Egh8ahr16N4
EHQVamyV0B8
EjFIiWhpGs8
EM8JJ2sxzbU
EMma57iurU8
eNfD1ym64wM
EOVmNKv27SA
EQugGU0krV4
eqzYgKeqiUw
eSmRr5IGJpY
euZypweuH8M
EVbvYNo_kjI
eW91uzM4lqU
eXRKxDDFKsY
eYp9C9sytjs
eysOoFiWbUE
eZ5vAqxM1Ng
f38lXbRvY6c
f3BQOSgQq6U
_f9NIBZdyTU
FA1pptUg-wY
fAIiDnHlu9U
faw7DannV3E
fc6f2WhBEwI
fCOR98uka9o
FDSjD3uaknQ
FEkufpLbEJI
FfeuP-IJiDk
fg4ZSC0FX2s
figy7MIb0as
FiIesNfVGI4
FIr23LQlOi4
fjsnjiuSToE
Fk0D2iNFCSE
FLP1wAr9-tA
flYLDRJfLdg
fmZQgOo01Og
FOIgI3BbLGI
FOPUVqBmEk8
fSwit6A9ekw
FSyu4ADGVvQ
FSzX5Af0bEo
-fTBJT9po5s
fW-B1qXNtgE
FXkt-3zc79w
F_yTSaaVquM
g0dh0thdQoA
G0w93Ow3C4k
g1WqY3IZ8EQ
G2b9-3E4nyc
G5bRkKbLHro
G6t5Nqfx0zk
G7HILCSr6gM
G7lNSJwCq4A
g9f_XZNeKKY
gdlLM87KOQQ
gdzoVVhnGm0
gdzxyj36fxA
gez7qqkSUAg
GG5TBnFnna4
G_gTD31VSZ4
gH1OsBAN4Aw
giTN4Gn7nq0
GIvLA9gKWas
GjRjGj43bVg
Gk_M36SeTJI
GlNx1oZW7ek
g_pbiy35Pg4
GPIQlA3BPfo
GPpua8k7nbY
gQ9eb9bKlvI
GsuZ0HI6IGw
gTnW0I0hPXo
gUhSBO7XWzE
gUNZbJCPwiw
GuSnyLXyXNI
gx5gnmaTrbQ
gXNUqUPGfBY
GXu6mAj4A7I
gy2SGZ236uQ
--GyBSfjUo4
Gzdk-5LFVtI
h2FrBr-z3iI
h57q9FgGMmw
H5_d2_oOaEA
H7tUGWzM17s
h8f5sNte5V4
h9V5YJCiQEk
hBarZG-MyTE
hc21ciNiUI8
hcMvhkNSXDo
HcOUpJhau8s
heLX9lM8hd4
hgS6vpv9L68
hgV-dryber0
hhVPgTC5fJI
hjCGkKjhH6w
HLhbRU90Vg0
HluJKo2H2os
-hmCOu4Gc_4
hOgxnvyokeo
H-OWeRCXJzg
HqJh-QjqtaY
HRXwaCnA5as
hsLNAWJ2cz4
htXgtDz91mw
Hudwrasd09k
HvnV1U7UXkA
-Hwv6hKJtwc
I1IQQ5WcPsk
I6yJ3Mal01w
i7BmvSD3m9o
I7Tao6VH3Ok
IA7Fi7ERiwY
iCuaBPsHLAs
iD_WUEB9xYs
if_IjR1wb8o
iG2O1ls9g0s
IgAL6t_LAok
igEvttDqc9Q
ihSaKs12HqA
IIYrY7eJNwU
ijPyAoEGyiM
IkKo-uiynNU
inZF4atW_Ac
isKvcE7-hTw
iuBpdfVtyuM
iVUAcVC25c0
IXPFZaK41Xg
iZADejwKM6s
iZKhougTfNw
J0AmVp1favw
J1kOvUkqPbA
J_3RVj5B_k4
J3X36a2IsUA
j5RaL4-KJP0
j7w48MfbSxg
j8jikyX4VCk
J8s4poUWVRc
jATdWVP3T7Q
JcL_ReRtrGM
JeromXy9kFY
jg7F1LGn6ws
JgDKPG4pEEY
jkvvDb6WgIY
Jl2f4_wPjNM
JLF-e2ei7Q0
JLVGKxtnIQk
JNGT2FjLcWw
Jq_0GsN0up0
jqPzCdmfbWw
-JqV8qjjhRs
jrKzEy41Mfs
JSHnjoPVqLw
jsnz8mExCmo
Jt_DdI3Pqgg
jTfYwXusobc
JTxC91HjLZQ
jTzxEM0n3n0
jvPDPpYEPDI
JVPQpnnSVUg
Jwv9RGySxoY
jWvE4IBBPTg
jx-Lb8IvgnA
K0B_b2xB12I
k2E47-aklPo
k4eESKmSLW0
K9fzPqgJc0g
KA0NSjAOTG0
KDdAUrizT5s
kepiDmF8ZWM
kFzqhUSCPe4
KJ0cvAxpQyY
KkoEMJnAyQk
kKoIGKtaxLc
kl_hr39vnG4
KM1O_2gEPzs
km2FdYfHrF8
KMjfn5KvMY8
kpv_P7olKKw
K_pZl-mS1Fw
kr5kabobXHg
KS2YTZ57yws
Ksl8YsvcXN0
kSpkW7bWRsk
kv3raAOVIJE
kvFUSe8IKek
Kym0spgG6D0
kySjccFSKHo
KzeB0XNfxwE
l01BYskfhvY
L5Fvsn9rL5I
L64wp4SyuxM
LAdMNuPSSzE
LAutkSzRR38
lAXHdyQYziY
LbBu1E37JYE
LCdjOlMQCRA
ld4lnxoCbjM
LdTQgOOCNQ4
le3bQj7YeRA
Lf8JHawnm1s
LGAkd5uEzqQ
LI1flUihU_k
LI-JmYQoVjo
LIwKYnj68Nc
ljaT_T3lBSg
lJfmnt505rM
LKbi_Fdh4Ow
lLlnlHFQI-Y
l-MIOHVBT7o
lqneBs7cbVc
LrA41AzBgfA
lSrzqhYskFg
lT6EeQpa9_c
ltxu8iEmS4A
LXtGcFmsnp4
lXXc3k5KRsc
LYs1IZ7BD0I
m0IxNEayzEs
m1DKs0JRUpQ
M6ro4hpods0
-m6Sb7mxU_I
M-9hmDwJfUg
mc4RNKs7r6w
MCDvONpUt8U
MGbEJjcTPZU
mgDZKtqHB0I
MhAwZ7f8ogw
MhcnfuQVOak
MhgVMyUAMvI
MHi1_sN2ILs
mI_a03l4Hl8
mj5TmThXA6A
mkWQgbCyf9A
mlTKvoU1X2I
mLtS26KOm3E
MmaJPwWs-4U
Mo5KxICsWD0
MoD1m-fPMPg
MoKwK2Hu5YI
mP5nOSfH5OA
mPKBUuPw2m8
mqB-ki_ZvkI
MQJWRG99RpM
MQY1wUixBtM
MrDUsCqQvxU
MROKPbeeKKY
mSEZhafSr7g
mSujjgXOIu0
MtgFg2zHBkA
MTo0lJu5Vh0
mu4tIoDqmvc
mund5jvzv9k
MUO_Drg3EB4
MwFxSq2Pyj0
MywpLcLna7A
n0C6MG0oLsg
n0xySstynxA
N7T9OmYuFoE
nB6Arv3yc88
NB9AzAokfJE
nEL2UUCFtec
nfYZ_1LPDZ0
NGt7yk0V2F0
nhgpgp76Y3I
nhwi6Vctfmg
Nj5a-JbkPCg
Nkxftwm3ens
nldWZ-N2rwk
nMlBhU-qP3Q
NmNLJh8pUek
NQ2O14sWtCE
NqWlX4aM5nQ
Ns0JJwfl2hM
NuBxl0MvYlM
NxTW9XVPN4g
NyQGD4i0aiM
NZkMsz_x1KE
o4cCEEVkibg
O6QA6auJhq0
o7OGe3yVS_g
ob2X0kkqRNM
OBIIaEsxk_o
ODgvY8VxGW4
OFYev3UBync
Oglke1jI8AU
oJctNCxKpdo
oJYXPeWGQdE
OKcpLsDkWFk
OKV6quWCLLM
onD0DT24ogo
OqDY5VhLID4
oVwUT_xK-iM
_OXSGzWEOZA
_oYOO1FT97s
oyyv83LNEdU
P18ebSKmiDk
P27epRi_G5g
p3mdG5NTfuQ
p71gr9v861o
P8a17UbM5Hc
P8dwGRYX-pw
pc5IY0EZ3K0
PExlb35A2Ew
PgMVuQV3LDQ
PH4UQWNXNNE
PKKOm6M0GKc
pMXAImKp61Y
pO6fYiwRrCs
PoVSh18u9v0
p_qAWwqYUN4
pqOHkWWnPAY
PSmvuWHDUSY
pu2Uwbxj_58
PuKNfY8Esz0
pVnJmApFSg0
-pWUGytxzKw
q4jdIIE-o8k
Q50qSHKXOOw
q71tVxxvAMQ
Q8uJHapzVu0
qAOIDONEbO4
qCATMvDT6UY
qcIc_5-06OA
qDsBUusNHJk
qeEz23haCM8
qEu-OJfWTXg
qfwrq8MadV0
QgLmpitw_tA
QGn4-NMsEsg
QjC4iyRs2uI
qLaytIXaI68
qM4nqtz1l0A
qMAm9JxMdPQ
QMh3YQRhbF8
QMPUWAqbyNE
QOtKr5Z7ajQ
qP0SEFgN_CY
q_paZ2DKAg8
qrK9UWWUZdo
qUi1yhBbq8o
quMvG7L-95M
Qv9ceYnG3-s
qvBLrt7rCE8
qvCf2JyjdG0
qwmlRiMsZpA
QXdygg-PPuE
qXl3zMh5YtQ
QZyF9Ie-o5g
R1m_3gVNZWg
r3wwwJgqkVQ
R5GYsA9ko7I
RAZoMila5zA
rbaPR7PpeGw
rb-zlRBF5Bg
rBzoYjrQOVY
Rd3724mLTh8
rd7e5LrkolY
re6oeFc3RDw
rGejB1olbfk
rHIA4vYKtGE
RjSWeYKBbn8
rLpccQVY6RM
RM_AKx5p9TA
rMsxc8pAhaE
rPWCBIBI16A
RPyX2nR8jdc
RqD36CX2Xio
rqpfSoVlVqY
RR7vtWZecxo
RRdRUpMNhqM
rrN9OZYdGiY
rSNcCJB3XbM
RtfIQIVLGMk
rtY-8M1vsGQ
rud3dPIm5_A
RUVdyvHFXgA
RVR20mL0a8Y
_RYK0acGznA
RZAHVnSK1PU
Rzpn5rSq8sU
S440aIL63Vw
S5vPEcFsrAc
SAjeyzRFcHA
Sb6VW5kXCGA
scl299wAR_U
SclxlkooA94
sfalPDhnpUs
sgJcyotaUkA
Sh8nuLyyTfM
sHq6GwFX-nE
siaUihuMxms
SK-CqgQd1PE
sl00k0CJFwc
Sn6wKzHCtmg
sO2GGTgGiak
sOLsParVwCM
SoToh7_eMAQ
sOywPiO4ioA
srz0W6V3A9I
S_UHqPQyctk
Svjm-McD2Z4
svYFjSulADc
sXn_zue7LMA
sZAA8_XUGCY
t3G-zTW5cuE
t3y2QOQWdKE
t6zne3N_6W4
T9LSzHzjES0
t9U2SjHRmFg
tAcPIBbe74w
tADqJD4td-I
Tcalfar9iUE
TcH9PS3DsZQ
Td8H7CCeaJM
TDlZ3-MczXo
tDWEy-vkzB8
te2o1byyNz4
tEs1Wec4t3Q
TgWkgftGLAE
TIqK0oqFcbE
tJE6Ktrbne4
tLbKXOoK7wY
T-nXvU8GsoQ
T_oOeZ6gG3Q
T-qWjCj1JSM
TrqZZ1219Bo
TS6_j7sZbDQ
ttSlIjsp9qo
tx71pnRBOR8
tXCYVqzbwyc
TXqNh5QsoJ0
t_Zqc3hGVQI
TZSR5QDIKko
u15YwaO1uLY
U3jiIWx_ZZo
uAHPszkOUts
uakJoxdZzEI
UAKpl7HI_3w
U_bMqcaXocE
UDrmV28LeRU
-uFdQn1MhR8
UFkVBn27we0
uGalWRTSfgM
UgDPfQQW8RU
uGn6koR1Cx4
UhEGOBt8Zq4
UjbdBAm3hrs
Ukpiwa3tQU8
Uo4NaxH7J5c
UP00bx5sSx4
Upn-qAito2g
UPX5Iu2jQSk
Utg1z2Qeo3E
UV-V5pCKWN0
uxs2GrMuFSs
uYPyLNfvFe0
UYXmCkyDLoQ
v1Cn1ipzt9I
v4O2nSf5lkY
v7OOolbmhtw
V88bGl7WzTk
V8ZtplRmIwM
Vb9cdszcelE
vBNix6nsXA4
Vc4DYmA0ckU
v-COpb1tVPU
vCxy4AENpeA
vEr4hqZzFIo
VF32matiAf4
VHAT3G9nS_c
VIDCaxjRxD0
Vkzg9S53QnE
vO6bygFDQfc
VP-aRYOjR04
vqxhSCXhNNU
vSDLUw-yk2M
vtIxhq7Egm4
vuc7K0W9fF4
vVSonh8DiXs
Vw3-PKXvqsg
VwSvO5DAgvk
VwVSslRq_2o
w-2SZs0MdIs
w2upGeQnvOs
w3x1i-EAQZc
W5n_qN9Qn0E
w8bslOWUiHs
W8hkUG7zn_k
wc1WSwdOPgE
wC9rQne-hsg
weYQPnJwS6U
WfEgJQ2IPCw
wG8qjL9-lS4
wG-pB_gsshI
WhOaBmMcu9g
wHTv2elHdvk
wHUbcRnhu_s
Wij2OVtfdmE
wiqzZvHwjvM
WJ4O9uwITgo
wjdGDIjsf50
wk6qgUKjh6E
wKaTtttsTKc
WLkyRQx4R1I
wqSr865F1iE
WREJkgFQvN4
wscXpUDbBH4
Wt4GMWPMSBc
WWJsd540gec
WWRw3bk_RJ4
x0KwcbiC6F8
X2DtqPaj_zA
_X3Ao3yCPS0
x79JnzPkHWE
X-a_h8TyYDU
xbZjxtZqji8
Xc9UH6xVdAI
xcLLz4WTcp8
XDIP_OmEZTE
xDqxIMR9xho
XGd22COX9Tg
xGG82PrV7Bo
xGq1NR-OrIg
XJKzus5-R3s
-Xj_UQJJ2Xw
XkjOok42Szg
Xl7eAuOccfQ
xlhFV7jOSbM
xLJ44JmLnBg
xmvNSShoW44
xNbK-Vk7TFc
xneOHEkDyGE
xpbV6hhduFQ
XPjmKwJU5wA
xPz92SwFo1M
_XQDh2sapMI
XSnUDNWXASE
xTcQXV5sMtc
xtJsNwKHmZI
XuFdl56fOVo
xverjvmoG-s
XVGLJfZpGFA
xXA7uzasUPg
xXhS21j1E1Y
XXONHz4CM5A
XY8hkjCajv8
xZ6Ue0Sb1AA
-XZubRtqddY
Y00hR9CsyYo
y2JbaPxx6VQ
Y8eSWbaaq8c
y8rlwietJFc
Ya21Nvj6Uy8
YAsySwasWj8
YbkOVbQdhgs
yC5KwHMMidw
yDk4TkJEgm0
yGRiY4GbnyE
YHFShTAdrAY
yiugHuDb-PA
ylpOYOAKFas
YmvvRVus6uQ
-ynouXo9lZs
YP646l7ow6Q
yPkvmucR_FE
yQ71QsRBY_M
-YSqttj6BAI
YzJ9X7PurK4
yzmsICpmSq8
Y_zpHi8KfUU
Z0j0zKhaRII
z2dhjDOVS08
Z42QZjBC-Dc
Z4aoYEtBO94
z7onmAUVAlo
z8r1D485ufE
zc9rU2LItDQ
ZCrOdqxCpMg
ZGHNRywLJto
Zi4U05p5LdE
zIQBZrgGFDo
zn83znW6V40
zoizqgK1PH4
zqicfk3nMsw
zShmOgHnyeo
ztVPmYz4vtk
zuWz_9UTTVE
zVQtc1LtO5Y
ZwWBuDWjp_g
zXLO4ovAZiw
