025h8kp0nz0
05sORWCD1T8
0DPxCpMjeYU
0FNKNcOUpn0
0FZ_ysWbVkc
0GtoQ23pm-E
0hcng7FyEMA
0_n4lPPg83s
0QC9O_9JV5E
0qrREPbFW0E
0Uzp1v-EuwY
0w8LzHqtjOg
0wSFzvQpjYg
0Xm01_vxWLM
0YagFpsWdTo
0zHwuwjA090
100JN2-RwMQ
11F6DhiFP_U
_12N4M9gOBg
18V3uLLe1Jg
18XLZ5Y-whY
19T-K7FS2I0
1Cg8OO-zg68
1cpobgcjN9E
1ie9fPYo_Mo
1jwDNHe2bSc
1mvS2rPrSWo
1-NrSkR6Pe8
1SiszqjY51w
1Tub5f-qKdA
1vPwV066xP8
1w9RGiwFM2c
1ZLBuEBjL_0
232F5KGxgxs
24rt7xjlFHc
25fubBgIANE
2CjZaYeepLs
2d4FVAnwxsk
2dGtmdc80WI
2mvCJBbW9Hk
2NplkIVzwc0
2P4gTsRy0js
2q6O9IwfKKA
2SGbcSRhxbU
2W29MhCSExo
2Xoypgpl96w
2Zn2SAApVyc
321lsQH6mo0
3BaUvuSyrik
3ejlBALFgW4
3FnvnGa_Dm0
3HF5Lh_WBI4
3IvX-8mA1Gk
3M-eFqdd0b0
3_yi33SkFgs
40C5LMD6mxc
4DIzMc-eMps
4EsIGe7qQRU
4I_9HeVvWwU
4kRKGXeYigg
4O9Qwo0EN00
4Q5Jq9sAPuE
4QEK9oOZM6s
4umJTPMFWbI
4VYgmQlFaiY
5c0dAjd39L8
5elr1ecq0z0
5hzAjYAnxxI
5JfVfFxsISk
5K6ldn2nyCY
5kBnM-fIHjI
5QMVFUCsXtY
5_VEmc_6z1M
5vOGyftYJ00
5XGyl06A_eE
5y2wryRSrCs
5zRxbJaqOGQ
661kTLrDY3o
69JhVfEl39Q
69W6fMKHqG4
6C09I75zuEE
6CBXClUfq58
6cZpkhO9D7E
6drcM6YZ1Ls
6f8hQAj1T6I
6gRg6eYKXX8
6JeFWSfUC0c
6LQ_PWHE_TQ
6NBuq3cKmLU
6okRWqYrtg4
6P5zx2eNloE
6x7RaSA0rQc
6xpHJ8AvoCY
73sns1eaViY
7-4em4rTjww
77YDUU9XTCs
7CCmRPnu9ek
7JenSvU1v_Q
7MlHCLzXFvw
7n6AHfmQK4k
7-Ua7xXTY7M
7UhKCwFwgGk
7VKDAS3i2vE
7xAr8mSK4as
7zqLTA-1nHk
88aJk8GYAqQ
8l1BUgn6GB4
8LG4H_07fxg
8Qy94fGod_0
8SrkYWE3Ffw
8Tun7Lr5DA0
8YYRK8MrUUs
90WtLulMLl0
955eqkpPSng
9bnUdywp2Qc
9g1ytjoK-aI
9htFNuq_5P0
9hvkip5_1TA
9j3QsZ0EK8A
--9moaQGIWI
9MSSW3Rg_PE
9nFSh68L7Tw
9RCUvh-G11c
9rfdeCBzk3k
9tkX5TBqrJI
9TNqsaWMs6c
9TwvfzvWCF0
9UpKG3CuIn4
9w3Y0mYygJU
9wXAOf6rRs0
A2xSCXEhx4Q
A3a-J8ONOjU
A4c9yuixBZM
A879NFeyfE8
a_CSFG5xa1A
-ACsGp4AfJ0
aft63ihgGPk
AgTelyPf8QQ
AIHCUZps-U0
AjB8RxE3m3Q
AKECCE_t-PQ
aKXeub-85Cs
aLGokigy5VM
AOdNal4RcFw
aPJIromwqiw
AprQN66Pqfc
aqJOQLkCdlo
aT6j3m9O7Mk
atfLOppsrlA
AuHbRaSTuk0
AWwmLzBcC0o
awwSjzjCVNc
awzjMYFV_gk
b2f5u0EmKmw
b2qVpSMMV_c
BEf9dKa4-X4
BF4Inr7T7lE
BGjDqGAMDjM
bIIFyXufols
BIj1vqMFQlQ
Bjdd6cshMaU
bjqlkKrrORA
bLg3eq3lB44
BMiq9uwip5s
BmV-3ojzNf4
boKjlq-6CGY
BP7CYu4CSys
BQD9zkaXdQU
BrUfaUGIpIs
bS40besE4V4
b_SBIilQpeU
bwalS2QTXwk
Byxs_VSCDO4
bZAppaXXJRg
c1WEto4AnSo
C9LGfxo58qc
CaLbJUXipkc
Cam_rJHSf3o
Cb9MExWQULY
CbeaEoEmabU
cbPeTPCf5mg
CeOvYcLQEfM
CHASFxzDbFM
CHHGhq199Fo
CjF062PRMCo
-CjPJg0xGl4
cKa40ZpExpk
Cm3ptvTNgfI
cmkZc7EjI5Y
CN9KMMOZcr0
CO5fyLKWzUk
cpdpq7hmaoU
CPx_qjapUt0
Cq4gpiF9fw0
cqoWFoBHdik
cR-YeCwesVg
_CS4pNG0l1Y
CsBV895nHCM
CumPPhxwKks
cvz_rsrR38Y
cWnx5Yoa6YI
CwpM_CorhNs
CwTsFQbJBDo
cXETiJi46v4
CXEtS4VSroo
CXVJr3MtZSI
cXvVVTIyn-s
CYzeTcInV-U
Cz5RrMo31IE
czVVDP35maQ
C-Zz3NLADwg
D_5YVr5I1zU
d9aopUKN8f8
dC1PyN516Hg
DcDyVehNf1w
DFVu3ViZyWY
dH3auOKyxio
di525fxLa3s
djHFO4ie_bc
dLdE_9gPp_8
DmF2qdN2j5k
DP3aWmNyYKM
dpE5wS_ITus
dr1E908leu8
ds3MZBQb22w
dsf1lij-RAE
dTsHyCeq1eM
duKtsjmUZ_I
Dv4N8EJHT84
DwDqbuj5bAw
dytKUNOQu44
E0786A6SUVs
E1q0yIW0O74
E4AkyjGtL0M
E63Y_VTVm0c
Ea_Fq8VbA6A
EaiEbvwLfFk
Efe40xT27xQ
egSFwhIhipM
eHGueB42NE4
eiPf7vBjsZc
EmeNqr3K5w8
Emy7rstat-I
eO5T1-q46KE
_ePTQPcLC5A
EPzUtTDP_lg
EQJpi3kMi9g
eQMKsoqwi0A
erY6DgZsLMs
EtEYPY7rZaA
eU1sEiC3_50
eUStbaLPIA4
EWDBs8BLaEs
EwkqKbhcH5Q
EYP9L6Xltyk
EZN8UNPNX60
F4kh_yVlchU
F7tCo5mPDDU
F7wsxliutmQ
faVLUPbpmEs
FbTJ-RKCkHo
FcNGyLY4nuw
FCUYUhll6SI
FcWtfqpCozY
FeJlJyD1Tv0
fjdyILeEpto
f-JsQGIqAWc
fLQdIV-K3YI
fPQHxRBUABM
FpYmLdIJ3qk
FpZvnxGhqFc
FQJf1jQBDuc
fqqUhN6Og4s
ft-gTK-4aos
ftWUlBeG2sA
fve2_6kneSU
fvw8ZaFuXO8
fV-XMZvijvQ
FWBcAuMOy60
FwQHaaG6x-c
fxgT7IszXY4
fYy_uQekZeI
G09aGlAu7nA
G3RdzYjdKoQ
G7gXHvxjCCE
gAtTftQkR14
GCj8SHksS6A
gCLNLfGQGU8
Gc-wEJJ4fGk
GeppwC5s620
gGn2nvOegT4
gGthoJYlPks
GHNZZaXWjec
gKq_EJ7YQ00
glXs3dZpjBE
GNduUU9tOn4
GnJBut2687M
GPwvFfErbcw
gSO33MtpsZY
_gTWVlQkI5c
gv8bWCUh9Vs
GVgP3phPYiA
GXAFwmsO1q8
H0MIPC_hQTc
h1tBsJuceA8
H3SCU65sUvI
H6i-tAW7oW8
HA3g3WZu-qc
_ha8qgvxFxc
haGtfw_Wcok
HaLllQp0Y6M
HbIJIirRzTo
hDqBiqTyY5s
hdXhs1D_Mxo
hFo2ORUiyvY
hfSZrqZj4EU
hh7HXxxNda0
HHEg1y9sS4Y
hK3xZTwW3oo
HKKoVsXEEug
hlAkZNxriVY
hMHQTIPPY0M
HoFKFE57L3k
hotglPRmM0w
Hqkw9lUoKCI
hrjtRIQTFSQ
htboorKNCeo
hUJzWETwuPM
hVDqoCk9NCo
H_y1sBagXBw
I0L2GSL8SSU
i1ixWtTnlfg
I1Lqz7GD5LY
I3LbLSNAVVw
I42MxKqvzME
i4q9yUbYje0
I5l76bmpmbI
I5zALv8JX-M
I-6CtPt1XZQ
i6JuwVBWyuA
I_8NrvQiX5E
IADHi2fLWOc
IBSyrUDwHc4
icyw-j-FbrA
iE0FgZVJX7U
Ie2xqsu2LMc
Ie4cfoO981M
ifh9E5v71eI
IFLMk4cyqZ8
IFuabBnXjOo
iiLgM7OaQbQ
Ij7LOmdFnG8
ilzRSDOqZFc
IM89MNpdbXc
imz8GS3HYxs
inE1jndThvg
IouAFJC1qTw
irRwpvljwio
IsOHY8Cfd_0
ITc2ne9C74g
iTyOxCZTGTw
Ivev4eDBphg
-iwgA9gmv4Y
IWju48qWxrE
iXK1CNE95E0
IZbS86xZkv4
IzK5s4yzhs0
J0J6-Pvj4Xw
J1xJdt8TfhM
J6FQ-iMBu0g
J9MT5N4HQzQ
jbfNU_pbQkQ
Jc9z40sv3_g
jdoxHqsdpTQ
JEy92eVcejk
jEZW7kJ6v00
JFCdfHmsfLw
JHbX00gxYtg
jhgWy2qDbVE
jiD5xC1T3e4
jJ11Bu-7lgg
jL4YVj3F_X8
JNPYBbQhJAs
JnqGSHzLc7c
jOSGcjN36NQ
jPKPykdRV3M
jqAXsFRawIA
jqqDTzT7J1w
jrJe-RZU4cM
JS7uLMOOzj8
JTprGB6bGeg
jUwiiMbGkfE
JvXy9lb-gzE
--Jw2x9Se00
JWRZwwtrQvg
jYo2Ir6YRSs
k1IYXlincgE
k8FcEmxzrKY
K8UvLStMM0Q
kADSW8lqb60
kbHasHXk2Zo
kdAReeXY2Fc
kDsPaQKTLmg
KeIKrhjU4_k
K-f9rgHYSJE
kFKJ6d_mmx0
kFSEwxwVWfI
kH5lND3p_sg
Khi0oneK-Yg
KhwlartIGJA
KI7fMGRg0Wk
kiebTdru6Ng
KigC0ER_On4
kiWZC3nbasQ
KKH_FjrGBBU
KM3o005hL6k
KMJXLbPiToI
KnoNKXiS4ak
kpgbWNzcz7w
kQcZ9-BrceA
--kqDytAboA
kr-zZyKwxEE
KtNsBDpge5A
kUBjZIQ0688
kVG0wIE5Jwg
kvJFrZIPYgo
KXKxaC4bv8s
K-Yz961wp8U
L6HS_6hUuFM
l7zIfAomEqg
l9_molOvOvM
LalzM2SGmzA
lboou9iAfUs
LD4v76Mf_Lk
lDix4RinuJU
lDwXkElD2nw
leil2dJ0XUo
lEyKZ74oM1s
lfjwXciRp1Y
LGt0JfI4Fug
lhbwl5UiPZk
lHUGzIkNwXo
lIDQtFmsbYU
l-IocECWdIg
LjwiRx4I2wY
LMO5PE9UM2g
LnRT0dAcmb8
LoBfPMxq9Ag
LOxjY89onSc
LRPkxlSpZBE
LS2AJvmsZ-E
lshuk0Aw7P8
ltQb2mEyZFE
lUACiknN6xo
LuDSUu8jpus
lv9wjlCim4o
lvf0p13t2Js
LW8wfCEWCiw
-M6Dld6LxQI
m9W1KTyFgFI
mctCtkn4Uxs
mj_hP3K8n_o
mlDdFjuSzD4
mmntBO5gmR8
mOq8oq81wxs
mR7qKz3rPQo
mRcCrmpgRJQ
mreWtLBVa2s
mrxDwRSTjVQ
MSrs9BpxI_w
MsT2x2AdLI4
mSUuTudlOWs
M_VgWVWMAmE
MYem2qyZ_lw
MYJSv2hckCk
mZZxduC-Pgw
n1R4oCYsxAk
n59xgx5ruh8
n6PyYpNnLzA
N7DsXhO1iwo
naA2fentSNA
nAvPG0rIwH0
NBPjAQy082A
nBqM3VTiw84
NC1KFDJj7gM
Nd1ynwldWmw
nHM4d-UByiM
NlpPXDcY7tM
nm6GeRUHskw
nn7qTOJaUfk
npD5_RRvSmE
NpOuDQMD0hg
nqjCLOZZq4Q
NR1Kv1ESGA8
NRvzCUUf8Mg
NSMy8ikX838
nsXlACmVauk
nTIVpjnlo0c
NTJLCNZ6Jzg
Nuf-vMs9kbo
nuK-YTe27xM
nUNadadjcVg
nWWSOxBdWGI
nYef_nTcgV8
nYhFWCu6RbY
NYxLDMpSEBc
o3QTK3A3JmQ
o4xx2tNP5g0
O5SrjwcqkXI
O7_CzeMuv1M
o9uCWWlwOhY
O9v9RO6k-40
O-A6Bgu3Q1M
oC0uiYFo6w4
oCsCr10M3vY
Od4OYODPf6U
OEXaGxbc-ig
OF5RHDYxMTE
oGSAs6v5GyY
oGyfNr0Tw58
ogyZePMzMbo
OI9HNV1ti2E
OKG4MJiA_5Y
okqYBXVIhGg
Onpi89Xvunc
OOTLahVJiyw
oOxP8aAUAQ4
OPjUX0U2Rf0
oQjiU-P1hhg
oQp5K0gZIBw
or0I646PhHw
oSgIvkofqtc
ownYs0-QE3I
OXWtykT_QfA
oYEVsJic_2Q
OYhpvv7-8zw
p036Vp__x5E
P0l59kjXwoE
P4QRPIWuUd8
p4_zmYPn7Rw
P5YahL1ccUc
Pb-CHAUsQQA
PbO3VUtrOho
pCc9HnftbzU
pE0H5iP0hlc
PEHdNdXxpQY
PfRUhn8TFRk
pgQSfk_sxIo
pJK42UoUzV0
pjQRu7m20QA
pkAA5_VqQhM
pKEOVhXNY7w
-Pmvenl_8H4
PNIdBN2fB4Q
pnujKhiToYc
pS3UX1eieS4
Pt6_fmpw_zo
ptZle4AeANY
PU_GxO2jagc
p_VCR2OE1e0
pwCG0W7qpn0
pwgdLL8vi-g
pxfYqrnAi4M
PYiVAeJjvGE
PyP5ZUfo0Xg
PYqbk0RUeO0
pz53EodKJNM
PZzeJgV7jbI
q2HLkF8NcJw
Q6SM_TJnOiA
qA9WR8oTF0A
QCLuVZr8cO4
Qd9rhjeAqlo
qdSlynnzW2o
qe1cMluz8HA
qeFPzojYNPM
QEYMZZC82fA
qfaUiDrF7r8
Qfw3ceBqSew
qGs4Lt4ozAA
qGZzJ1qbPV4
qlHZDQlrrKE
q__NYTfKlEQ
QRFCNN9IuYk
Q-WlEe1d1Kc
qx5shTJA8yM
QYmxTgFAf_Q
R0a0SnHj1js
R1bzvdhVDBk
R1Cui-c7fWs
R2PqTqMT9wY
R4qBo6epDiU
r51FyP00ltU
R5fXQw3yIow
RdZmFVuUh4E
RF9jDB3jEF0
rfY1EBD6NV4
RFyy-u7aQVU
rg1iHseBlxM
rg7SlLJ0m04
rgTE5L1T5SA
rI8kd9rPY38
Rii09WGqjiA
Rjas1n_-riU
rjIdGAHqjQ4
r-k6w94jFP8
_rKgIN54iw4
rkQLb5kr_HE
RNBAs4ljXyk
-r_NjxYyicU
ro2h_89trTw
rPSNl8SxfX0
RQa-mYBcyck
RQHlcA2FTwY
rr23BqpROEg
RRdHEsjWiF8
ruuDulW72CQ
-RUWniQoo10
rVQTzg4UAnA
rXdadXvsI3k
rxiNuNRpBsg
RYxJ-ahjHys
RzRqjf9hBKE
s3hHmf3VKkA
S4sFCytG8ok
S5xjcOPtWbw
s6MlZcmRtvM
sa4YgFPkjzU
Sca6CQMOTbw
Scugh6HTtcI
SCZmWUUQgfM
segk2MpRXMA
Sg1KsKg_xDo
S-G4LKQ1WKM
Sgauem2lxpE
sgTKy84G0cU
Shyi92SeeH4
SjAAexlcEa4
SLAVlWY8uYg
sLERKZFGyJk
SLx1oU8TbvM
SNRGKHY13z0
so4uDKufqac
SoI_Y7iyZKA
SORRbJMEw04
spzvm-SK6L0
sqvNkx5JT5Q
SRBucV_cNJQ
stPfs3brK1E
suwrMFfRJ7w
SW4QmdslKok
Sx0y9dM-ifU
SZqZL_gBuOc
t0pF-Lh_C7M
t-15jQDPu7g
T5Khp_xvj3Q
t8dT9PzZxms
tB2quxHEueg
tBW2SAS82qE
TepbGGJ3WH0
TgA2_NBvO2s
tihhP9XzXiY
Tjj6V4D-Lp8
tM5pOmqv3KI
TOWYtBmEpJ0
tP-PrNiytHg
Tqos8cJlBUg
tRiUpu1vCaY
TU2GMgDLE-k
tYqOtfYe57c
u37WOO6DnDU
UDNSvgyEBdE
UGg0gxV5uRM
ui1AQ4DjIIA
ujo2Uscy3-Q
UJvpc1F_eM8
Uk0Db7FmRV0
ukEdq1-n-RM
uKjH4dSNVe0
UKsHnS7cT6c
Umhr0ak7gb0
Uox4Tms85P0
UP8z9YapVnE
upcpfyyMZGA
URcOGJvRwlc
UTKc-Lk_OMU
uv6-5_V2Vmo
UYTRAmRQwY8
uzqeDlFoiHU
UzqXbTAMGNc
v2GiTNeDrNM
V2jB49t6M34
V7KJMrS9yV8
V961hQSzC98
VAexY3z--_w
vbaFHQs7wcg
vCcG8x6ZIn8
VctFfCG7Abg
VcxFwqi-kbE
Ve9yiuFZklc
vfK2zXIexq8
Vftkoz9T2bw
VG-uESF3JAo
vH1z3eQMbOs
ViLVHKckHhc
VJf2pL5C7d0
VkDs3aemB04
VL5JfpJXLT4
vl5K_hQctHo
vmO9FtipZzk
vo-kWU64OBc
vPbaAuBNebY
vPigCBzbkiQ
-vsS97eOyFI
VSZby5GRJ9s
VTTFjWf_CUw
vv4K7noNGGY
VwnBI_v41xg
VwOugtLItyU
vxkSycJrSXM
VYEqqfdE8qs
vyu4DFsvG14
VZxyaFg3YXU
w4bgrfaQdus
w4G1ydY5AIU
w5L3xhtS-sk
w5zhryptxes
w8OwPPmBaA8
wa2JwpZKHVk
WAmgBZg0h6U
WBZH5zW6g0w
wFPyPO_onH0
Whaw3dr-MSI
WIEfw5SZVNc
WkJJQpCYcnI
wLzYJF-oP_M
WNdtCnIU6hc
WNp5EK0E6NM
wOU14L_F2SA
wpxEb_C7fUM
_wu0n762XiQ
WwVdYXN38CI
WY9WuuF4fTU
WYNjA4sqY1Y
WyUJ-XHJNK8
WYwdZHLENK4
WZgLkXYOAVk
x6RiAxS0k60
X9sLKRByBxg
xb1O2bwe0Vw
xBfaJH_N3Zs
XdiibJifWl4
Xf7GL4724XY
xGEpJRaWsmc
xH8uic_8P-w
XIG-7d_utAU
XiVFztWucmM
XjCpOjmf_YY
Xkqu53zSia8
XKxMXwUQkaU
XKZy0TTE9k0
Xo52C3LRimk
xOdQL2cWGkE
XOs5aOcJOQk
XpQhG8rIRC4
xqAphYx79BQ
xRAnLDBXXJY
xRXbV2J_iec
xS4_ECC1a3I
xS8jMr78RpQ
xSC9LpHOr9I
XsfoPRulrhM
Xu9FhPkhN-U
-xUIq_GCUnk
XUUwc_oaloo
x_Vi87kMJhM
_XXYXoU9lZ0
xZKjoZ_csF0
y2XEiEKdLk8
y3A3BzWx8zg
y7IyZhJGjzk
y8QK8_8eOJo
ya6IcxOwUwQ
yANXx_OIWR4
Ycvuu42vtJs
ydGoPUh5-PQ
YfsnDcopU7s
yGBBrS-ToRw
YglKbefL2p0
yhL-shfBcAE
YJcMoUvwMwA
ykbe_FWYmbw
Y_mH8O_FM2k
YnLHSwK4KoA
YNYWTGIq7AE
yPTjRUEDtGg
Yqnj-aRpZVY
YT4ZaSrfFh4
YtF1t8AeSEo
yTN6q9-uapE
yVaBahaeHJE
YW65OYjNChA
yy6LtQSClPs
yYDEWIuNRXM
z0tZcsaneW4
z2fR8sWlFKw
Z2z5EfhV1XA
Z6kKE1PVmXg
z6t5wNlGaEE
Z7cKT1zjF8o
z7IojF-5zDo
z7NX-kslD7M
z8f2FRYtP5o
ZA5ZMEDtDl4
zatTlXLo29I
ZayswphDJ0U
zcizJig0UBo
ZCK4r33rzBs
-Zcow00IDkQ
ZcYdTkYO0eQ
zDMT7ZJ1YqA
ZFbDSvclJVg
zJF9J5812zA
zLBqX-z5uT8
zlc4wczHFMs
zlnNtW02Ziw
zmLvd_nibhU
ZrXWV4tJjhg
ZS46ojC_7Dc
Zt62M4NnrzA
zVwzSMR2FMw
zW02xAPSDfw
ZxQl1LWd5RA
ZxxaIREplbo
zyLCGuCMl4U
ZZvFhELeNEs
ZZXrUt4hTRU
